Apr-01 18:10:54.578 - Logger created at logs-685/console.log
Apr-01 18:10:54.579 - Random Seed: 685
Apr-01 18:11:40.326 - Start training
Apr-01 18:12:24.155 - [   50/50000] loss: 1.6063 (1.6448), acc: 22.667% (20.261%)
Apr-01 18:13:02.628 - [  100/50000] loss: 1.6059 (1.6331), acc: 24.000% (20.832%)
Apr-01 18:13:35.775 - [  150/50000] loss: 1.5980 (1.6223), acc: 28.000% (21.536%)
Apr-01 18:14:06.646 - [  200/50000] loss: 1.5473 (1.6128), acc: 44.000% (22.998%)
Apr-01 18:14:33.896 - [  250/50000] loss: 1.5213 (1.6047), acc: 34.667% (24.175%)
Apr-01 18:15:01.616 - [  300/50000] loss: 1.4617 (1.5910), acc: 34.667% (25.573%)
Apr-01 18:15:25.659 - [  350/50000] loss: 1.3847 (1.5804), acc: 45.333% (26.674%)
Apr-01 18:15:48.201 - [  400/50000] loss: 1.4922 (1.5720), acc: 33.333% (27.372%)
Apr-01 18:16:08.998 - [  450/50000] loss: 1.6071 (1.5674), acc: 28.000% (27.941%)
Apr-01 18:16:28.130 - [  500/50000] loss: 1.3344 (1.5600), acc: 38.667% (28.516%)
Apr-01 18:16:50.232 - [  550/50000] loss: 1.4621 (1.5536), acc: 36.000% (29.089%)
Apr-01 18:17:10.170 - [  600/50000] loss: 1.3250 (1.5489), acc: 52.000% (29.549%)
Apr-01 18:17:29.309 - [  650/50000] loss: 1.6031 (1.5462), acc: 21.333% (29.817%)
Apr-01 18:17:47.437 - [  700/50000] loss: 1.5104 (1.5446), acc: 37.333% (29.965%)
Apr-01 18:18:05.620 - [  750/50000] loss: 1.5502 (1.5410), acc: 32.000% (30.304%)
Apr-01 18:18:20.254 - [  800/50000] loss: 1.4362 (1.5381), acc: 32.000% (30.613%)
Apr-01 18:18:34.771 - [  850/50000] loss: 1.3351 (1.5339), acc: 48.000% (30.960%)
Apr-01 18:18:49.088 - [  900/50000] loss: 1.4038 (1.5317), acc: 46.667% (31.182%)
Apr-01 18:19:02.373 - [  950/50000] loss: 1.4247 (1.5294), acc: 32.000% (31.399%)
Apr-01 18:19:14.670 - [ 1000/50000] loss: 1.5808 (1.5265), acc: 28.000% (31.631%)
Apr-01 18:21:39.671 - [ 1000] Eval (100 episode) - loss: 1.4807 +- 0.0696, acc: 36.640 +- 6.609%
Apr-01 18:21:39.675 - * Best accuracy so far *

Apr-01 18:21:52.412 - [ 1050/50000] loss: 1.4082 (1.4830), acc: 38.667% (36.480%)
Apr-01 18:22:05.165 - [ 1100/50000] loss: 1.6884 (1.4756), acc: 18.667% (36.680%)
Apr-01 18:22:17.644 - [ 1150/50000] loss: 1.3868 (1.4738), acc: 40.000% (36.498%)
Apr-01 18:22:28.661 - [ 1200/50000] loss: 1.4272 (1.4724), acc: 41.333% (36.427%)
Apr-01 18:22:40.517 - [ 1250/50000] loss: 1.4508 (1.4742), acc: 38.667% (36.219%)
Apr-01 18:22:50.927 - [ 1300/50000] loss: 1.5383 (1.4728), acc: 26.667% (36.169%)
Apr-01 18:23:02.274 - [ 1350/50000] loss: 1.5667 (1.4738), acc: 28.000% (35.981%)
Apr-01 18:23:14.218 - [ 1400/50000] loss: 1.4859 (1.4724), acc: 38.667% (36.130%)
Apr-01 18:23:25.464 - [ 1450/50000] loss: 1.5406 (1.4696), acc: 33.333% (36.267%)
Apr-01 18:23:36.419 - [ 1500/50000] loss: 1.2889 (1.4667), acc: 46.667% (36.523%)
Apr-01 18:23:47.300 - [ 1550/50000] loss: 1.5948 (1.4656), acc: 34.667% (36.543%)
Apr-01 18:23:58.611 - [ 1600/50000] loss: 1.4626 (1.4625), acc: 41.333% (36.809%)
Apr-01 18:24:09.051 - [ 1650/50000] loss: 1.2935 (1.4595), acc: 48.000% (37.005%)
Apr-01 18:24:20.408 - [ 1700/50000] loss: 1.4651 (1.4615), acc: 26.667% (36.842%)
Apr-01 18:24:30.222 - [ 1750/50000] loss: 1.4551 (1.4614), acc: 44.000% (36.905%)
Apr-01 18:24:40.746 - [ 1800/50000] loss: 1.3865 (1.4607), acc: 40.000% (37.013%)
Apr-01 18:24:49.364 - [ 1850/50000] loss: 1.4465 (1.4604), acc: 37.333% (37.021%)
Apr-01 18:24:58.404 - [ 1900/50000] loss: 1.3669 (1.4586), acc: 45.333% (37.166%)
Apr-01 18:25:07.606 - [ 1950/50000] loss: 1.6745 (1.4592), acc: 26.667% (37.137%)
Apr-01 18:25:17.153 - [ 2000/50000] loss: 1.4446 (1.4574), acc: 33.333% (37.199%)
Apr-01 18:27:03.322 - [ 2000] Eval (100 episode) - loss: 1.4515 +- 0.0967, acc: 38.200 +- 7.235%
Apr-01 18:27:03.326 - * Best accuracy so far *

Apr-01 18:27:12.847 - [ 2050/50000] loss: 1.4733 (1.4278), acc: 36.000% (38.667%)
Apr-01 18:27:22.529 - [ 2100/50000] loss: 1.5564 (1.4259), acc: 40.000% (39.333%)
Apr-01 18:27:32.431 - [ 2150/50000] loss: 1.2332 (1.4242), acc: 60.000% (39.271%)
Apr-01 18:27:41.250 - [ 2200/50000] loss: 1.3608 (1.4253), acc: 41.333% (39.160%)
Apr-01 18:27:51.211 - [ 2250/50000] loss: 1.6436 (1.4225), acc: 30.667% (39.189%)
Apr-01 18:28:01.211 - [ 2300/50000] loss: 1.3770 (1.4199), acc: 45.333% (39.533%)
Apr-01 18:28:11.387 - [ 2350/50000] loss: 1.5714 (1.4211), acc: 26.667% (39.589%)
Apr-01 18:28:20.567 - [ 2400/50000] loss: 1.4480 (1.4247), acc: 32.000% (39.257%)
Apr-01 18:28:29.653 - [ 2450/50000] loss: 1.3631 (1.4222), acc: 37.333% (39.464%)
Apr-01 18:28:38.297 - [ 2500/50000] loss: 1.6253 (1.4236), acc: 26.667% (39.485%)
Apr-01 18:28:47.293 - [ 2550/50000] loss: 1.4856 (1.4243), acc: 38.667% (39.418%)
Apr-01 18:28:56.079 - [ 2600/50000] loss: 1.2159 (1.4222), acc: 48.000% (39.578%)
Apr-01 18:29:04.784 - [ 2650/50000] loss: 1.5287 (1.4224), acc: 33.333% (39.668%)
Apr-01 18:29:13.449 - [ 2700/50000] loss: 1.3904 (1.4225), acc: 50.667% (39.640%)
Apr-01 18:29:22.656 - [ 2750/50000] loss: 1.7521 (1.4213), acc: 18.667% (39.717%)
Apr-01 18:29:31.278 - [ 2800/50000] loss: 1.4328 (1.4195), acc: 38.667% (39.818%)
Apr-01 18:29:40.994 - [ 2850/50000] loss: 1.4870 (1.4171), acc: 41.333% (39.945%)
Apr-01 18:29:49.278 - [ 2900/50000] loss: 1.3203 (1.4152), acc: 45.333% (40.050%)
Apr-01 18:29:57.841 - [ 2950/50000] loss: 1.2693 (1.4134), acc: 57.333% (40.145%)
Apr-01 18:30:06.069 - [ 3000/50000] loss: 1.5765 (1.4123), acc: 28.000% (40.232%)
Apr-01 18:31:05.341 - [ 3000] Eval (100 episode) - loss: 1.4140 +- 0.1118, acc: 40.413 +- 7.740%
Apr-01 18:31:05.344 - * Best accuracy so far *

Apr-01 18:31:14.463 - [ 3050/50000] loss: 1.4882 (1.3904), acc: 34.667% (41.707%)
Apr-01 18:31:23.759 - [ 3100/50000] loss: 1.4147 (1.3823), acc: 37.333% (41.920%)
Apr-01 18:31:31.623 - [ 3150/50000] loss: 1.2679 (1.3874), acc: 44.000% (41.476%)
Apr-01 18:31:39.916 - [ 3200/50000] loss: 1.3567 (1.3836), acc: 46.667% (41.820%)
Apr-01 18:31:47.968 - [ 3250/50000] loss: 1.6001 (1.3857), acc: 32.000% (41.840%)
Apr-01 18:31:56.048 - [ 3300/50000] loss: 1.3186 (1.3801), acc: 53.333% (42.111%)
Apr-01 18:32:04.120 - [ 3350/50000] loss: 1.4306 (1.3849), acc: 32.000% (41.798%)
Apr-01 18:32:12.284 - [ 3400/50000] loss: 1.4035 (1.3843), acc: 38.667% (41.853%)
Apr-01 18:32:20.146 - [ 3450/50000] loss: 1.3843 (1.3808), acc: 44.000% (42.119%)
Apr-01 18:32:29.402 - [ 3500/50000] loss: 1.3183 (1.3786), acc: 41.333% (42.165%)
Apr-01 18:32:37.978 - [ 3550/50000] loss: 1.4367 (1.3789), acc: 34.667% (42.136%)
Apr-01 18:32:46.638 - [ 3600/50000] loss: 1.4494 (1.3790), acc: 36.000% (42.122%)
Apr-01 18:32:54.992 - [ 3650/50000] loss: 1.3270 (1.3761), acc: 45.333% (42.379%)
Apr-01 18:33:02.956 - [ 3700/50000] loss: 1.4943 (1.3773), acc: 38.667% (42.381%)
Apr-01 18:33:11.136 - [ 3750/50000] loss: 1.2438 (1.3796), acc: 37.333% (42.247%)
Apr-01 18:33:19.119 - [ 3800/50000] loss: 1.3683 (1.3779), acc: 36.000% (42.352%)
Apr-01 18:33:27.217 - [ 3850/50000] loss: 1.4768 (1.3767), acc: 33.333% (42.491%)
Apr-01 18:33:35.506 - [ 3900/50000] loss: 0.8752 (1.3750), acc: 70.667% (42.618%)
Apr-01 18:33:43.831 - [ 3950/50000] loss: 1.6350 (1.3736), acc: 28.000% (42.749%)
Apr-01 18:33:51.629 - [ 4000/50000] loss: 1.1812 (1.3745), acc: 53.333% (42.717%)
Apr-01 18:34:37.044 - [ 4000] Eval (100 episode) - loss: 1.4023 +- 0.1124, acc: 40.720 +- 7.914%
Apr-01 18:34:37.048 - * Best accuracy so far *

Apr-01 18:34:44.952 - [ 4050/50000] loss: 1.3046 (1.3674), acc: 46.667% (43.013%)
Apr-01 18:34:53.629 - [ 4100/50000] loss: 1.1121 (1.3519), acc: 61.333% (44.040%)
Apr-01 18:35:01.500 - [ 4150/50000] loss: 1.4432 (1.3448), acc: 37.333% (44.249%)
Apr-01 18:35:09.739 - [ 4200/50000] loss: 1.4667 (1.3491), acc: 34.667% (43.887%)
Apr-01 18:35:18.169 - [ 4250/50000] loss: 1.4224 (1.3498), acc: 44.000% (43.920%)
Apr-01 18:35:26.125 - [ 4300/50000] loss: 1.2769 (1.3471), acc: 49.333% (44.071%)
Apr-01 18:35:34.207 - [ 4350/50000] loss: 1.0581 (1.3449), acc: 58.667% (44.065%)
Apr-01 18:35:43.153 - [ 4400/50000] loss: 1.2688 (1.3423), acc: 46.667% (44.127%)
Apr-01 18:35:51.236 - [ 4450/50000] loss: 1.4189 (1.3421), acc: 41.333% (44.219%)
Apr-01 18:35:59.236 - [ 4500/50000] loss: 1.4846 (1.3432), acc: 38.667% (44.312%)
Apr-01 18:36:08.239 - [ 4550/50000] loss: 1.3222 (1.3425), acc: 41.333% (44.296%)
Apr-01 18:36:16.432 - [ 4600/50000] loss: 1.5257 (1.3422), acc: 42.667% (44.418%)
Apr-01 18:36:24.817 - [ 4650/50000] loss: 1.4699 (1.3426), acc: 40.000% (44.320%)
Apr-01 18:36:32.754 - [ 4700/50000] loss: 1.3933 (1.3419), acc: 38.667% (44.303%)
Apr-01 18:36:41.144 - [ 4750/50000] loss: 1.1830 (1.3411), acc: 50.667% (44.402%)
Apr-01 18:36:49.472 - [ 4800/50000] loss: 1.2362 (1.3405), acc: 48.000% (44.380%)
Apr-01 18:36:57.843 - [ 4850/50000] loss: 1.3271 (1.3379), acc: 50.667% (44.533%)
Apr-01 18:37:06.461 - [ 4900/50000] loss: 1.2937 (1.3386), acc: 41.333% (44.470%)
Apr-01 18:37:14.819 - [ 4950/50000] loss: 1.4746 (1.3379), acc: 30.667% (44.488%)
Apr-01 18:37:24.425 - [ 5000/50000] loss: 1.3618 (1.3386), acc: 49.333% (44.480%)
Apr-01 18:38:04.159 - [ 5000] Eval (100 episode) - loss: 1.3280 +- 0.1332, acc: 44.987 +- 8.428%
Apr-01 18:38:04.162 - * Best accuracy so far *

Apr-01 18:38:12.348 - [ 5050/50000] loss: 1.5919 (1.2972), acc: 37.333% (46.827%)
Apr-01 18:38:20.771 - [ 5100/50000] loss: 1.3660 (1.3050), acc: 42.667% (46.587%)
Apr-01 18:38:29.855 - [ 5150/50000] loss: 1.3566 (1.3136), acc: 44.000% (46.009%)
Apr-01 18:38:39.306 - [ 5200/50000] loss: 1.2054 (1.3160), acc: 56.000% (45.973%)
Apr-01 18:38:48.400 - [ 5250/50000] loss: 1.0658 (1.3145), acc: 60.000% (46.240%)
Apr-01 18:38:57.367 - [ 5300/50000] loss: 1.3110 (1.3173), acc: 45.333% (46.111%)
Apr-01 18:39:05.835 - [ 5350/50000] loss: 1.4448 (1.3200), acc: 38.667% (45.897%)
Apr-01 18:39:14.261 - [ 5400/50000] loss: 1.4740 (1.3212), acc: 36.000% (45.900%)
Apr-01 18:39:22.585 - [ 5450/50000] loss: 1.4318 (1.3214), acc: 41.333% (45.787%)
Apr-01 18:39:30.758 - [ 5500/50000] loss: 1.3474 (1.3180), acc: 44.000% (45.904%)
Apr-01 18:39:38.696 - [ 5550/50000] loss: 1.8370 (1.3129), acc: 22.667% (46.114%)
Apr-01 18:39:47.136 - [ 5600/50000] loss: 1.6151 (1.3156), acc: 33.333% (45.940%)
Apr-01 18:39:55.383 - [ 5650/50000] loss: 1.1793 (1.3142), acc: 54.667% (46.016%)
Apr-01 18:40:04.313 - [ 5700/50000] loss: 1.4122 (1.3138), acc: 38.667% (46.088%)
Apr-01 18:40:12.906 - [ 5750/50000] loss: 1.1260 (1.3147), acc: 50.667% (46.091%)
Apr-01 18:40:21.440 - [ 5800/50000] loss: 1.5283 (1.3151), acc: 34.667% (46.067%)
Apr-01 18:40:29.406 - [ 5850/50000] loss: 1.1957 (1.3157), acc: 53.333% (45.965%)
Apr-01 18:40:37.649 - [ 5900/50000] loss: 0.9990 (1.3161), acc: 58.667% (45.874%)
Apr-01 18:40:46.258 - [ 5950/50000] loss: 1.2565 (1.3157), acc: 46.667% (45.891%)
Apr-01 18:40:54.497 - [ 6000/50000] loss: 1.3408 (1.3144), acc: 45.333% (45.939%)
Apr-01 18:41:33.702 - [ 6000] Eval (100 episode) - loss: 1.2883 +- 0.1453, acc: 47.347 +- 8.442%
Apr-01 18:41:33.705 - * Best accuracy so far *

Apr-01 18:41:41.295 - [ 6050/50000] loss: 1.3649 (1.3210), acc: 41.333% (45.813%)
Apr-01 18:41:49.932 - [ 6100/50000] loss: 1.1868 (1.3025), acc: 53.333% (46.413%)
Apr-01 18:41:58.363 - [ 6150/50000] loss: 1.3414 (1.3072), acc: 46.667% (46.080%)
Apr-01 18:42:06.511 - [ 6200/50000] loss: 1.3189 (1.2995), acc: 45.333% (46.413%)
Apr-01 18:42:15.042 - [ 6250/50000] loss: 1.3566 (1.3001), acc: 48.000% (46.448%)
Apr-01 18:42:24.046 - [ 6300/50000] loss: 1.3307 (1.3025), acc: 48.000% (46.538%)
Apr-01 18:42:32.734 - [ 6350/50000] loss: 1.1322 (1.3039), acc: 54.667% (46.526%)
Apr-01 18:42:41.217 - [ 6400/50000] loss: 1.1946 (1.2972), acc: 44.000% (46.813%)
Apr-01 18:42:49.523 - [ 6450/50000] loss: 1.1503 (1.2939), acc: 58.667% (47.090%)
Apr-01 18:42:57.307 - [ 6500/50000] loss: 1.6062 (1.2976), acc: 38.667% (46.888%)
Apr-01 18:43:05.258 - [ 6550/50000] loss: 1.2672 (1.2968), acc: 46.667% (46.979%)
Apr-01 18:43:13.855 - [ 6600/50000] loss: 1.5170 (1.2960), acc: 32.000% (46.967%)
Apr-01 18:43:21.657 - [ 6650/50000] loss: 0.9187 (1.2946), acc: 66.667% (47.040%)
Apr-01 18:43:30.442 - [ 6700/50000] loss: 1.4361 (1.2937), acc: 42.667% (47.059%)
Apr-01 18:43:38.656 - [ 6750/50000] loss: 0.9828 (1.2950), acc: 61.333% (46.958%)
Apr-01 18:43:46.960 - [ 6800/50000] loss: 1.4176 (1.2918), acc: 40.000% (47.143%)
Apr-01 18:43:55.194 - [ 6850/50000] loss: 1.1139 (1.2924), acc: 57.333% (47.096%)
Apr-01 18:44:04.026 - [ 6900/50000] loss: 1.4700 (1.2904), acc: 45.333% (47.227%)
Apr-01 18:44:12.352 - [ 6950/50000] loss: 1.2899 (1.2898), acc: 45.333% (47.293%)
Apr-01 18:44:20.181 - [ 7000/50000] loss: 1.3448 (1.2899), acc: 50.667% (47.275%)
Apr-01 18:44:59.505 - [ 7000] Eval (100 episode) - loss: 1.2280 +- 0.1263, acc: 50.720 +- 7.710%
Apr-01 18:44:59.509 - * Best accuracy so far *

Apr-01 18:45:08.207 - [ 7050/50000] loss: 1.2254 (1.2773), acc: 44.000% (48.080%)
Apr-01 18:45:17.107 - [ 7100/50000] loss: 1.0835 (1.2856), acc: 60.000% (47.440%)
Apr-01 18:45:26.324 - [ 7150/50000] loss: 1.3134 (1.2833), acc: 42.667% (47.502%)
Apr-01 18:45:35.430 - [ 7200/50000] loss: 1.3354 (1.2733), acc: 46.667% (47.780%)
Apr-01 18:45:44.589 - [ 7250/50000] loss: 1.3090 (1.2697), acc: 52.000% (47.931%)
Apr-01 18:45:53.749 - [ 7300/50000] loss: 1.1911 (1.2671), acc: 56.000% (48.160%)
Apr-01 18:46:03.186 - [ 7350/50000] loss: 1.2147 (1.2647), acc: 42.667% (48.328%)
Apr-01 18:46:12.249 - [ 7400/50000] loss: 1.6842 (1.2663), acc: 26.667% (48.153%)
Apr-01 18:46:20.853 - [ 7450/50000] loss: 1.2554 (1.2686), acc: 50.667% (47.976%)
Apr-01 18:46:30.603 - [ 7500/50000] loss: 1.2124 (1.2741), acc: 60.000% (47.757%)
Apr-01 18:46:39.041 - [ 7550/50000] loss: 1.4998 (1.2762), acc: 30.667% (47.690%)
Apr-01 18:46:48.317 - [ 7600/50000] loss: 1.0742 (1.2770), acc: 60.000% (47.662%)
Apr-01 18:46:56.541 - [ 7650/50000] loss: 1.2829 (1.2770), acc: 50.667% (47.688%)
Apr-01 18:47:05.536 - [ 7700/50000] loss: 1.2155 (1.2765), acc: 48.000% (47.735%)
Apr-01 18:47:14.340 - [ 7750/50000] loss: 1.5843 (1.2765), acc: 33.333% (47.716%)
Apr-01 18:47:23.423 - [ 7800/50000] loss: 1.1115 (1.2766), acc: 54.667% (47.733%)
Apr-01 18:47:32.472 - [ 7850/50000] loss: 1.0417 (1.2765), acc: 64.000% (47.699%)
Apr-01 18:47:41.087 - [ 7900/50000] loss: 1.0780 (1.2766), acc: 57.333% (47.680%)
Apr-01 18:47:50.174 - [ 7950/50000] loss: 1.1901 (1.2764), acc: 48.000% (47.690%)
Apr-01 18:47:59.281 - [ 8000/50000] loss: 1.1128 (1.2742), acc: 57.333% (47.764%)
Apr-01 18:48:39.613 - [ 8000] Eval (100 episode) - loss: 1.2301 +- 0.1642, acc: 49.973 +- 9.513%
Apr-01 18:48:48.198 - [ 8050/50000] loss: 1.3636 (1.2488), acc: 56.000% (49.440%)
Apr-01 18:48:57.425 - [ 8100/50000] loss: 1.3559 (1.2750), acc: 44.000% (47.813%)
Apr-01 18:49:05.858 - [ 8150/50000] loss: 1.5632 (1.2718), acc: 33.333% (48.196%)
Apr-01 18:49:14.490 - [ 8200/50000] loss: 1.1636 (1.2729), acc: 56.000% (47.780%)
Apr-01 18:49:23.657 - [ 8250/50000] loss: 1.1627 (1.2717), acc: 57.333% (47.659%)
Apr-01 18:49:31.821 - [ 8300/50000] loss: 1.1273 (1.2657), acc: 57.333% (48.076%)
Apr-01 18:49:41.787 - [ 8350/50000] loss: 1.3735 (1.2684), acc: 44.000% (48.069%)
Apr-01 18:49:50.018 - [ 8400/50000] loss: 1.4524 (1.2716), acc: 37.333% (47.900%)
Apr-01 18:50:00.298 - [ 8450/50000] loss: 1.2388 (1.2673), acc: 50.667% (48.124%)
Apr-01 18:50:09.783 - [ 8500/50000] loss: 1.2824 (1.2738), acc: 48.000% (47.811%)
Apr-01 18:50:19.429 - [ 8550/50000] loss: 1.3033 (1.2751), acc: 45.333% (47.702%)
Apr-01 18:50:28.336 - [ 8600/50000] loss: 1.2826 (1.2731), acc: 45.333% (47.820%)
Apr-01 18:50:38.291 - [ 8650/50000] loss: 1.1631 (1.2719), acc: 40.000% (47.873%)
Apr-01 18:50:46.984 - [ 8700/50000] loss: 1.0964 (1.2747), acc: 54.667% (47.701%)
Apr-01 18:50:55.371 - [ 8750/50000] loss: 1.3179 (1.2745), acc: 48.000% (47.753%)
Apr-01 18:51:04.199 - [ 8800/50000] loss: 0.9455 (1.2731), acc: 70.667% (47.825%)
Apr-01 18:51:15.950 - [ 8850/50000] loss: 1.1501 (1.2710), acc: 60.000% (47.967%)
Apr-01 18:51:24.751 - [ 8900/50000] loss: 1.1801 (1.2717), acc: 49.333% (47.901%)
Apr-01 18:51:34.522 - [ 8950/50000] loss: 1.0999 (1.2709), acc: 62.667% (47.975%)
Apr-01 18:51:42.924 - [ 9000/50000] loss: 1.4275 (1.2704), acc: 38.667% (48.013%)
Apr-01 18:52:24.745 - [ 9000] Eval (100 episode) - loss: 1.2130 +- 0.1461, acc: 51.360 +- 8.233%
Apr-01 18:52:24.748 - * Best accuracy so far *

Apr-01 18:52:33.461 - [ 9050/50000] loss: 1.2963 (1.2757), acc: 45.333% (47.893%)
Apr-01 18:52:42.306 - [ 9100/50000] loss: 1.1131 (1.2814), acc: 54.667% (47.440%)
Apr-01 18:52:50.779 - [ 9150/50000] loss: 1.4131 (1.2726), acc: 38.667% (47.840%)
Apr-01 18:52:58.985 - [ 9200/50000] loss: 1.1258 (1.2644), acc: 60.000% (48.473%)
Apr-01 18:53:07.102 - [ 9250/50000] loss: 1.2165 (1.2691), acc: 53.333% (48.032%)
Apr-01 18:53:15.434 - [ 9300/50000] loss: 1.1757 (1.2726), acc: 53.333% (47.787%)
Apr-01 18:53:23.961 - [ 9350/50000] loss: 1.3090 (1.2696), acc: 42.667% (47.966%)
Apr-01 18:53:32.028 - [ 9400/50000] loss: 1.3013 (1.2657), acc: 57.333% (48.213%)
Apr-01 18:53:40.006 - [ 9450/50000] loss: 1.4653 (1.2611), acc: 38.667% (48.382%)
Apr-01 18:53:47.795 - [ 9500/50000] loss: 0.9063 (1.2637), acc: 69.333% (48.315%)
Apr-01 18:53:55.902 - [ 9550/50000] loss: 0.9531 (1.2635), acc: 65.333% (48.320%)
Apr-01 18:54:04.496 - [ 9600/50000] loss: 1.1258 (1.2604), acc: 58.667% (48.411%)
Apr-01 18:54:12.830 - [ 9650/50000] loss: 1.2785 (1.2626), acc: 48.000% (48.373%)
Apr-01 18:54:21.229 - [ 9700/50000] loss: 1.2164 (1.2629), acc: 54.667% (48.318%)
Apr-01 18:54:29.503 - [ 9750/50000] loss: 1.2490 (1.2629), acc: 57.333% (48.357%)
Apr-01 18:54:37.720 - [ 9800/50000] loss: 1.2746 (1.2638), acc: 48.000% (48.342%)
Apr-01 18:54:45.491 - [ 9850/50000] loss: 1.1991 (1.2621), acc: 53.333% (48.453%)
Apr-01 18:54:53.520 - [ 9900/50000] loss: 1.0670 (1.2599), acc: 61.333% (48.573%)
Apr-01 18:55:01.767 - [ 9950/50000] loss: 1.1893 (1.2572), acc: 52.000% (48.706%)
Apr-01 18:55:09.976 - [10000/50000] loss: 1.4573 (1.2551), acc: 40.000% (48.747%)
Apr-01 18:55:54.260 - [10000] Eval (100 episode) - loss: 1.1586 +- 0.1987, acc: 53.587 +- 10.616%
Apr-01 18:55:54.263 - * Best accuracy so far *

Apr-01 18:56:01.931 - [10050/50000] loss: 1.3471 (1.2432), acc: 45.333% (49.440%)
Apr-01 18:56:10.362 - [10100/50000] loss: 1.4046 (1.2611), acc: 37.333% (48.293%)
Apr-01 18:56:18.712 - [10150/50000] loss: 1.1104 (1.2538), acc: 54.667% (48.764%)
Apr-01 18:56:27.178 - [10200/50000] loss: 1.2932 (1.2469), acc: 46.667% (49.267%)
Apr-01 18:56:34.963 - [10250/50000] loss: 1.4380 (1.2429), acc: 34.667% (49.296%)
Apr-01 18:56:43.016 - [10300/50000] loss: 1.1482 (1.2411), acc: 56.000% (49.604%)
Apr-01 18:56:50.800 - [10350/50000] loss: 1.2057 (1.2455), acc: 57.333% (49.364%)
Apr-01 18:56:59.666 - [10400/50000] loss: 1.2252 (1.2422), acc: 53.333% (49.507%)
Apr-01 18:57:09.896 - [10450/50000] loss: 1.1446 (1.2425), acc: 61.333% (49.464%)
Apr-01 18:57:17.946 - [10500/50000] loss: 1.0297 (1.2389), acc: 60.000% (49.557%)
Apr-01 18:57:26.314 - [10550/50000] loss: 1.2039 (1.2386), acc: 54.667% (49.668%)
Apr-01 18:57:34.668 - [10600/50000] loss: 1.2834 (1.2331), acc: 41.333% (49.971%)
Apr-01 18:57:42.735 - [10650/50000] loss: 1.2451 (1.2365), acc: 50.667% (49.791%)
Apr-01 18:57:51.041 - [10700/50000] loss: 0.9416 (1.2359), acc: 60.000% (49.771%)
Apr-01 18:58:00.133 - [10750/50000] loss: 1.3647 (1.2362), acc: 49.333% (49.820%)
Apr-01 18:58:09.272 - [10800/50000] loss: 1.1111 (1.2359), acc: 57.333% (49.852%)
Apr-01 18:58:17.481 - [10850/50000] loss: 1.0583 (1.2353), acc: 54.667% (49.898%)
Apr-01 18:58:25.887 - [10900/50000] loss: 1.0246 (1.2316), acc: 58.667% (50.025%)
Apr-01 18:58:35.936 - [10950/50000] loss: 1.1966 (1.2306), acc: 61.333% (50.063%)
Apr-01 18:58:44.490 - [11000/50000] loss: 1.1350 (1.2305), acc: 56.000% (50.085%)
Apr-01 18:59:25.587 - [11000] Eval (100 episode) - loss: 1.1506 +- 0.1537, acc: 53.213 +- 8.849%
Apr-01 18:59:33.422 - [11050/50000] loss: 1.2663 (1.2405), acc: 45.333% (48.720%)
Apr-01 18:59:41.598 - [11100/50000] loss: 1.0349 (1.2429), acc: 58.667% (48.587%)
Apr-01 18:59:49.907 - [11150/50000] loss: 0.8654 (1.2378), acc: 64.000% (49.040%)
Apr-01 18:59:58.197 - [11200/50000] loss: 1.3028 (1.2342), acc: 41.333% (49.153%)
Apr-01 19:00:06.416 - [11250/50000] loss: 1.1606 (1.2304), acc: 53.333% (49.371%)
Apr-01 19:00:14.645 - [11300/50000] loss: 1.1603 (1.2278), acc: 57.333% (49.671%)
Apr-01 19:00:22.553 - [11350/50000] loss: 1.3935 (1.2335), acc: 42.667% (49.299%)
Apr-01 19:00:30.878 - [11400/50000] loss: 1.6408 (1.2330), acc: 29.333% (49.287%)
Apr-01 19:00:39.419 - [11450/50000] loss: 1.1572 (1.2285), acc: 56.000% (49.508%)
Apr-01 19:00:47.843 - [11500/50000] loss: 1.0523 (1.2287), acc: 60.000% (49.635%)
Apr-01 19:00:56.320 - [11550/50000] loss: 1.3411 (1.2290), acc: 42.667% (49.685%)
Apr-01 19:01:04.528 - [11600/50000] loss: 1.1636 (1.2305), acc: 52.000% (49.680%)
Apr-01 19:01:12.745 - [11650/50000] loss: 1.3008 (1.2294), acc: 48.000% (49.737%)
Apr-01 19:01:21.135 - [11700/50000] loss: 1.5074 (1.2299), acc: 36.000% (49.766%)
Apr-01 19:01:29.803 - [11750/50000] loss: 1.6663 (1.2293), acc: 30.667% (49.712%)
Apr-01 19:01:38.055 - [11800/50000] loss: 1.4858 (1.2314), acc: 41.333% (49.612%)
Apr-01 19:01:46.421 - [11850/50000] loss: 1.4622 (1.2286), acc: 42.667% (49.843%)
Apr-01 19:01:54.676 - [11900/50000] loss: 1.1804 (1.2262), acc: 56.000% (50.024%)
Apr-01 19:02:02.996 - [11950/50000] loss: 1.1857 (1.2261), acc: 52.000% (50.035%)
Apr-01 19:02:11.406 - [12000/50000] loss: 1.1640 (1.2264), acc: 57.333% (50.075%)
Apr-01 19:02:51.094 - [12000] Eval (100 episode) - loss: 1.1195 +- 0.1761, acc: 54.907 +- 9.577%
Apr-01 19:02:51.098 - * Best accuracy so far *

Apr-01 19:02:58.973 - [12050/50000] loss: 1.1865 (1.1894), acc: 49.333% (51.867%)
Apr-01 19:03:07.132 - [12100/50000] loss: 1.5191 (1.2010), acc: 40.000% (51.293%)
Apr-01 19:03:16.117 - [12150/50000] loss: 1.5673 (1.2219), acc: 41.333% (50.453%)
Apr-01 19:03:24.817 - [12200/50000] loss: 1.2184 (1.2231), acc: 52.000% (50.433%)
Apr-01 19:03:32.708 - [12250/50000] loss: 1.3745 (1.2141), acc: 50.667% (50.747%)
Apr-01 19:03:40.722 - [12300/50000] loss: 1.2599 (1.2111), acc: 49.333% (50.911%)
Apr-01 19:03:48.761 - [12350/50000] loss: 1.1554 (1.2078), acc: 57.333% (51.211%)
Apr-01 19:03:57.680 - [12400/50000] loss: 1.2345 (1.2087), acc: 44.000% (51.007%)
Apr-01 19:04:05.195 - [12450/50000] loss: 1.2166 (1.2110), acc: 53.333% (50.812%)
Apr-01 19:04:13.384 - [12500/50000] loss: 1.3089 (1.2132), acc: 40.000% (50.720%)
Apr-01 19:04:21.468 - [12550/50000] loss: 1.1376 (1.2131), acc: 46.667% (50.727%)
Apr-01 19:04:30.020 - [12600/50000] loss: 0.8720 (1.2133), acc: 73.333% (50.691%)
Apr-01 19:04:38.214 - [12650/50000] loss: 1.1830 (1.2137), acc: 50.667% (50.716%)
Apr-01 19:04:47.068 - [12700/50000] loss: 1.3266 (1.2129), acc: 42.667% (50.808%)
Apr-01 19:04:55.431 - [12750/50000] loss: 1.0744 (1.2123), acc: 49.333% (50.855%)
Apr-01 19:05:03.539 - [12800/50000] loss: 1.0618 (1.2107), acc: 58.667% (50.972%)
Apr-01 19:05:11.571 - [12850/50000] loss: 1.2078 (1.2114), acc: 52.000% (50.922%)
Apr-01 19:05:19.819 - [12900/50000] loss: 1.5512 (1.2105), acc: 40.000% (50.927%)
Apr-01 19:05:28.511 - [12950/50000] loss: 1.0322 (1.2107), acc: 58.667% (50.953%)
Apr-01 19:05:37.540 - [13000/50000] loss: 1.0053 (1.2105), acc: 60.000% (50.944%)
Apr-01 19:06:16.057 - [13000] Eval (100 episode) - loss: 1.1480 +- 0.1726, acc: 53.560 +- 9.451%
Apr-01 19:06:23.622 - [13050/50000] loss: 1.2682 (1.1542), acc: 50.667% (54.427%)
Apr-01 19:06:32.068 - [13100/50000] loss: 1.1503 (1.2046), acc: 52.000% (51.213%)
Apr-01 19:06:40.861 - [13150/50000] loss: 1.2455 (1.2125), acc: 50.667% (50.658%)
Apr-01 19:06:48.751 - [13200/50000] loss: 1.1147 (1.2062), acc: 52.000% (50.920%)
Apr-01 19:06:57.035 - [13250/50000] loss: 1.0134 (1.2066), acc: 66.667% (50.869%)
Apr-01 19:07:04.928 - [13300/50000] loss: 1.1446 (1.2060), acc: 54.667% (51.009%)
Apr-01 19:07:12.825 - [13350/50000] loss: 1.0657 (1.2044), acc: 65.333% (51.090%)
Apr-01 19:07:22.116 - [13400/50000] loss: 1.2768 (1.2018), acc: 44.000% (51.260%)
Apr-01 19:07:30.122 - [13450/50000] loss: 1.3512 (1.2027), acc: 42.667% (51.067%)
Apr-01 19:07:38.490 - [13500/50000] loss: 1.0493 (1.2026), acc: 54.667% (51.072%)
Apr-01 19:07:47.234 - [13550/50000] loss: 1.4629 (1.2061), acc: 44.000% (50.851%)
Apr-01 19:07:55.824 - [13600/50000] loss: 1.2558 (1.2063), acc: 44.000% (50.842%)
Apr-01 19:08:04.420 - [13650/50000] loss: 1.1040 (1.2089), acc: 57.333% (50.763%)
Apr-01 19:08:14.577 - [13700/50000] loss: 1.2416 (1.2096), acc: 49.333% (50.718%)
Apr-01 19:08:23.795 - [13750/50000] loss: 1.1788 (1.2095), acc: 45.333% (50.731%)
Apr-01 19:08:32.235 - [13800/50000] loss: 1.3439 (1.2098), acc: 44.000% (50.703%)
Apr-01 19:08:42.436 - [13850/50000] loss: 1.2977 (1.2091), acc: 48.000% (50.731%)
Apr-01 19:08:51.511 - [13900/50000] loss: 1.0517 (1.2099), acc: 60.000% (50.750%)
Apr-01 19:09:00.794 - [13950/50000] loss: 1.3600 (1.2107), acc: 40.000% (50.728%)
Apr-01 19:09:09.791 - [14000/50000] loss: 1.2423 (1.2109), acc: 52.000% (50.733%)
Apr-01 19:09:46.654 - [14000] Eval (100 episode) - loss: 1.1524 +- 0.1897, acc: 53.187 +- 10.342%
Apr-01 19:09:54.436 - [14050/50000] loss: 1.0023 (1.1832), acc: 66.667% (53.147%)
Apr-01 19:10:04.906 - [14100/50000] loss: 0.9512 (1.1887), acc: 61.333% (52.413%)
Apr-01 19:10:14.544 - [14150/50000] loss: 1.3146 (1.2073), acc: 52.000% (51.138%)
Apr-01 19:10:24.281 - [14200/50000] loss: 1.2209 (1.2058), acc: 54.667% (51.107%)
Apr-01 19:10:32.940 - [14250/50000] loss: 1.1509 (1.2035), acc: 52.000% (51.227%)
Apr-01 19:10:42.277 - [14300/50000] loss: 1.4470 (1.1973), acc: 30.667% (51.364%)
Apr-01 19:10:50.512 - [14350/50000] loss: 1.2872 (1.1959), acc: 46.667% (51.436%)
Apr-01 19:10:59.547 - [14400/50000] loss: 1.3161 (1.1934), acc: 42.667% (51.590%)
Apr-01 19:11:07.875 - [14450/50000] loss: 1.0444 (1.1920), acc: 58.667% (51.671%)
Apr-01 19:11:16.161 - [14500/50000] loss: 1.1807 (1.1944), acc: 57.333% (51.501%)
Apr-01 19:11:25.123 - [14550/50000] loss: 1.4605 (1.1952), acc: 30.667% (51.416%)
Apr-01 19:11:34.453 - [14600/50000] loss: 0.9229 (1.1959), acc: 61.333% (51.353%)
Apr-01 19:11:43.258 - [14650/50000] loss: 0.9310 (1.1953), acc: 60.000% (51.298%)
Apr-01 19:11:51.271 - [14700/50000] loss: 1.4894 (1.1957), acc: 45.333% (51.330%)
Apr-01 19:12:00.012 - [14750/50000] loss: 1.4280 (1.1962), acc: 36.000% (51.296%)
Apr-01 19:12:10.023 - [14800/50000] loss: 1.1084 (1.1952), acc: 61.333% (51.342%)
Apr-01 19:12:19.075 - [14850/50000] loss: 1.0442 (1.1959), acc: 60.000% (51.338%)
Apr-01 19:12:27.556 - [14900/50000] loss: 1.3583 (1.1957), acc: 33.333% (51.373%)
Apr-01 19:12:36.496 - [14950/50000] loss: 1.3442 (1.1960), acc: 44.000% (51.394%)
Apr-01 19:12:44.384 - [15000/50000] loss: 1.0627 (1.1977), acc: 62.667% (51.313%)
Apr-01 19:13:25.524 - [15000] Eval (100 episode) - loss: 1.1356 +- 0.1631, acc: 53.187 +- 9.411%
Apr-01 19:13:34.328 - [15050/50000] loss: 1.2013 (1.1805), acc: 50.667% (52.080%)
Apr-01 19:13:43.639 - [15100/50000] loss: 1.3737 (1.2197), acc: 36.000% (49.973%)
Apr-01 19:13:53.172 - [15150/50000] loss: 1.0745 (1.2064), acc: 57.333% (50.773%)
Apr-01 19:14:02.669 - [15200/50000] loss: 1.0472 (1.2175), acc: 62.667% (50.260%)
Apr-01 19:14:12.123 - [15250/50000] loss: 0.9831 (1.2211), acc: 62.667% (50.043%)
Apr-01 19:14:21.772 - [15300/50000] loss: 1.4315 (1.2163), acc: 33.333% (50.449%)
Apr-01 19:14:30.814 - [15350/50000] loss: 1.2165 (1.2136), acc: 52.000% (50.648%)
Apr-01 19:14:39.799 - [15400/50000] loss: 1.0191 (1.2120), acc: 57.333% (50.627%)
Apr-01 19:14:48.428 - [15450/50000] loss: 1.1448 (1.2122), acc: 53.333% (50.670%)
Apr-01 19:14:57.111 - [15500/50000] loss: 1.2297 (1.2117), acc: 48.000% (50.725%)
Apr-01 19:15:07.178 - [15550/50000] loss: 1.0130 (1.2085), acc: 62.667% (50.945%)
Apr-01 19:15:16.623 - [15600/50000] loss: 1.2325 (1.2066), acc: 50.667% (51.049%)
Apr-01 19:15:26.202 - [15650/50000] loss: 1.3189 (1.2057), acc: 41.333% (51.083%)
Apr-01 19:15:34.692 - [15700/50000] loss: 0.9281 (1.2019), acc: 69.333% (51.299%)
Apr-01 19:15:43.847 - [15750/50000] loss: 1.0701 (1.1998), acc: 53.333% (51.396%)
Apr-01 19:15:52.552 - [15800/50000] loss: 1.0775 (1.2003), acc: 53.333% (51.350%)
Apr-01 19:16:01.316 - [15850/50000] loss: 1.4730 (1.1998), acc: 41.333% (51.338%)
Apr-01 19:16:09.907 - [15900/50000] loss: 0.9180 (1.1981), acc: 62.667% (51.396%)
Apr-01 19:16:18.661 - [15950/50000] loss: 0.9316 (1.1982), acc: 64.000% (51.401%)
Apr-01 19:16:27.542 - [16000/50000] loss: 1.2081 (1.1974), acc: 49.333% (51.381%)
Apr-01 19:17:08.342 - [16000] Eval (100 episode) - loss: 1.1270 +- 0.1637, acc: 54.160 +- 8.641%
Apr-01 19:17:16.479 - [16050/50000] loss: 1.2405 (1.1565), acc: 44.000% (52.987%)
Apr-01 19:17:26.617 - [16100/50000] loss: 0.7908 (1.1633), acc: 76.000% (53.133%)
Apr-01 19:17:35.583 - [16150/50000] loss: 1.3513 (1.1733), acc: 38.667% (52.498%)
Apr-01 19:17:44.879 - [16200/50000] loss: 1.1397 (1.1757), acc: 60.000% (52.307%)
Apr-01 19:17:53.563 - [16250/50000] loss: 1.2819 (1.1799), acc: 44.000% (52.080%)
Apr-01 19:18:02.338 - [16300/50000] loss: 1.4534 (1.1804), acc: 37.333% (52.142%)
Apr-01 19:18:11.897 - [16350/50000] loss: 1.5657 (1.1800), acc: 36.000% (52.137%)
Apr-01 19:18:21.043 - [16400/50000] loss: 1.1655 (1.1761), acc: 48.000% (52.357%)
Apr-01 19:18:30.192 - [16450/50000] loss: 1.1895 (1.1785), acc: 52.000% (52.317%)
Apr-01 19:18:39.989 - [16500/50000] loss: 1.1046 (1.1765), acc: 56.000% (52.472%)
Apr-01 19:18:49.133 - [16550/50000] loss: 1.3860 (1.1776), acc: 41.333% (52.376%)
Apr-01 19:18:58.250 - [16600/50000] loss: 1.1213 (1.1787), acc: 56.000% (52.324%)
Apr-01 19:19:07.091 - [16650/50000] loss: 1.0876 (1.1787), acc: 56.000% (52.320%)
Apr-01 19:19:16.039 - [16700/50000] loss: 1.1550 (1.1819), acc: 48.000% (52.189%)
Apr-01 19:19:24.230 - [16750/50000] loss: 0.9587 (1.1812), acc: 65.333% (52.228%)
Apr-01 19:19:32.845 - [16800/50000] loss: 1.4706 (1.1825), acc: 42.667% (52.217%)
Apr-01 19:19:41.763 - [16850/50000] loss: 1.2359 (1.1827), acc: 45.333% (52.162%)
Apr-01 19:19:50.494 - [16900/50000] loss: 1.2792 (1.1842), acc: 52.000% (52.145%)
Apr-01 19:19:58.915 - [16950/50000] loss: 1.2372 (1.1848), acc: 50.667% (52.119%)
Apr-01 19:20:06.900 - [17000/50000] loss: 1.2129 (1.1856), acc: 48.000% (52.089%)
Apr-01 19:20:45.812 - [17000] Eval (100 episode) - loss: 1.1190 +- 0.1619, acc: 54.680 +- 8.216%
Apr-01 19:20:54.637 - [17050/50000] loss: 1.0488 (1.2048), acc: 61.333% (51.040%)
Apr-01 19:21:03.865 - [17100/50000] loss: 1.0293 (1.2081), acc: 60.000% (50.920%)
Apr-01 19:21:13.742 - [17150/50000] loss: 1.0821 (1.1982), acc: 58.667% (51.298%)
Apr-01 19:21:21.844 - [17200/50000] loss: 1.1340 (1.1951), acc: 52.000% (51.480%)
Apr-01 19:21:31.026 - [17250/50000] loss: 1.4351 (1.1959), acc: 44.000% (51.275%)
Apr-01 19:21:40.245 - [17300/50000] loss: 1.2022 (1.1985), acc: 60.000% (51.356%)
Apr-01 19:21:48.439 - [17350/50000] loss: 1.3711 (1.1994), acc: 40.000% (51.272%)
Apr-01 19:21:58.146 - [17400/50000] loss: 1.2340 (1.1969), acc: 53.333% (51.210%)
Apr-01 19:22:07.435 - [17450/50000] loss: 1.0836 (1.1920), acc: 58.667% (51.535%)
Apr-01 19:22:16.745 - [17500/50000] loss: 1.1570 (1.1869), acc: 60.000% (51.704%)
Apr-01 19:22:25.515 - [17550/50000] loss: 0.8222 (1.1850), acc: 74.667% (51.850%)
Apr-01 19:22:33.489 - [17600/50000] loss: 0.7141 (1.1890), acc: 76.000% (51.616%)
Apr-01 19:22:42.521 - [17650/50000] loss: 1.1230 (1.1896), acc: 61.333% (51.440%)
Apr-01 19:22:50.913 - [17700/50000] loss: 1.2996 (1.1886), acc: 49.333% (51.558%)
Apr-01 19:22:59.748 - [17750/50000] loss: 1.2935 (1.1908), acc: 46.667% (51.545%)
Apr-01 19:23:08.837 - [17800/50000] loss: 1.2656 (1.1910), acc: 45.333% (51.593%)
Apr-01 19:23:19.189 - [17850/50000] loss: 0.8584 (1.1899), acc: 66.667% (51.658%)
Apr-01 19:23:28.721 - [17900/50000] loss: 1.2098 (1.1904), acc: 48.000% (51.633%)
Apr-01 19:23:38.544 - [17950/50000] loss: 1.8076 (1.1893), acc: 24.000% (51.708%)
Apr-01 19:23:46.566 - [18000/50000] loss: 1.0161 (1.1880), acc: 56.000% (51.836%)
Apr-01 19:24:26.500 - [18000] Eval (100 episode) - loss: 1.1310 +- 0.1679, acc: 53.947 +- 8.957%
Apr-01 19:24:34.338 - [18050/50000] loss: 1.1167 (1.1617), acc: 50.667% (53.893%)
Apr-01 19:24:43.510 - [18100/50000] loss: 0.9271 (1.1715), acc: 62.667% (53.240%)
Apr-01 19:24:53.013 - [18150/50000] loss: 1.2116 (1.1650), acc: 50.667% (53.413%)
Apr-01 19:25:01.694 - [18200/50000] loss: 1.1591 (1.1803), acc: 49.333% (52.473%)
Apr-01 19:25:10.770 - [18250/50000] loss: 1.3797 (1.1787), acc: 41.333% (52.523%)
Apr-01 19:25:19.448 - [18300/50000] loss: 0.8913 (1.1801), acc: 68.000% (52.573%)
Apr-01 19:25:28.843 - [18350/50000] loss: 1.2242 (1.1763), acc: 46.667% (52.697%)
Apr-01 19:25:37.634 - [18400/50000] loss: 0.7277 (1.1744), acc: 76.000% (52.680%)
Apr-01 19:25:47.524 - [18450/50000] loss: 1.2645 (1.1760), acc: 40.000% (52.604%)
Apr-01 19:25:56.298 - [18500/50000] loss: 1.1594 (1.1804), acc: 53.333% (52.307%)
Apr-01 19:26:04.282 - [18550/50000] loss: 1.3966 (1.1792), acc: 42.667% (52.388%)
Apr-01 19:26:12.728 - [18600/50000] loss: 0.6883 (1.1786), acc: 74.667% (52.391%)
Apr-01 19:26:20.861 - [18650/50000] loss: 1.2639 (1.1768), acc: 48.000% (52.418%)
Apr-01 19:26:29.701 - [18700/50000] loss: 1.3651 (1.1779), acc: 41.333% (52.312%)
Apr-01 19:26:38.127 - [18750/50000] loss: 1.4677 (1.1786), acc: 41.333% (52.263%)
Apr-01 19:26:46.172 - [18800/50000] loss: 1.3159 (1.1779), acc: 42.667% (52.262%)
Apr-01 19:26:54.482 - [18850/50000] loss: 1.3138 (1.1782), acc: 42.667% (52.184%)
Apr-01 19:27:03.426 - [18900/50000] loss: 0.9432 (1.1764), acc: 70.667% (52.247%)
Apr-01 19:27:11.930 - [18950/50000] loss: 1.2122 (1.1785), acc: 46.667% (52.170%)
Apr-01 19:27:19.857 - [19000/50000] loss: 1.1099 (1.1776), acc: 54.667% (52.205%)
Apr-01 19:27:57.925 - [19000] Eval (100 episode) - loss: 1.1148 +- 0.1513, acc: 54.613 +- 7.138%
Apr-01 19:28:06.063 - [19050/50000] loss: 1.2325 (1.1463), acc: 46.667% (54.347%)
Apr-01 19:28:15.416 - [19100/50000] loss: 1.2001 (1.1714), acc: 45.333% (52.573%)
Apr-01 19:28:24.648 - [19150/50000] loss: 1.2404 (1.1693), acc: 45.333% (52.667%)
Apr-01 19:28:33.700 - [19200/50000] loss: 1.2596 (1.1852), acc: 52.000% (51.933%)
Apr-01 19:28:42.774 - [19250/50000] loss: 0.6345 (1.1767), acc: 84.000% (52.491%)
Apr-01 19:28:51.876 - [19300/50000] loss: 1.3255 (1.1724), acc: 42.667% (52.564%)
Apr-01 19:29:01.187 - [19350/50000] loss: 1.0747 (1.1710), acc: 57.333% (52.541%)
Apr-01 19:29:10.057 - [19400/50000] loss: 0.9474 (1.1688), acc: 64.000% (52.613%)
Apr-01 19:29:19.472 - [19450/50000] loss: 1.1036 (1.1722), acc: 53.333% (52.439%)
Apr-01 19:29:28.228 - [19500/50000] loss: 1.3371 (1.1740), acc: 49.333% (52.389%)
Apr-01 19:29:37.319 - [19550/50000] loss: 0.9802 (1.1727), acc: 61.333% (52.444%)
Apr-01 19:29:45.939 - [19600/50000] loss: 1.3218 (1.1757), acc: 46.667% (52.296%)
Apr-01 19:29:54.664 - [19650/50000] loss: 1.4630 (1.1747), acc: 33.333% (52.349%)
Apr-01 19:30:03.874 - [19700/50000] loss: 0.9188 (1.1721), acc: 62.667% (52.486%)
Apr-01 19:30:13.050 - [19750/50000] loss: 0.9316 (1.1735), acc: 64.000% (52.398%)
Apr-01 19:30:21.215 - [19800/50000] loss: 0.9991 (1.1748), acc: 57.333% (52.337%)
Apr-01 19:30:29.818 - [19850/50000] loss: 1.5916 (1.1763), acc: 33.333% (52.281%)
Apr-01 19:30:37.840 - [19900/50000] loss: 1.4633 (1.1778), acc: 34.667% (52.225%)
Apr-01 19:30:47.048 - [19950/50000] loss: 1.0820 (1.1756), acc: 54.667% (52.323%)
Apr-01 19:30:55.685 - [20000/50000] loss: 1.2385 (1.1754), acc: 49.333% (52.347%)
Apr-01 19:31:33.892 - [20000] Eval (100 episode) - loss: 1.0923 +- 0.1651, acc: 56.293 +- 9.124%
Apr-01 19:31:33.897 - * Best accuracy so far *

Apr-01 19:31:41.780 - [20050/50000] loss: 1.5675 (1.1950), acc: 40.000% (51.760%)
Apr-01 19:31:50.115 - [20100/50000] loss: 1.2944 (1.1884), acc: 42.667% (51.507%)
Apr-01 19:32:01.164 - [20150/50000] loss: 1.2611 (1.1942), acc: 48.000% (51.502%)
Apr-01 19:32:10.213 - [20200/50000] loss: 0.7288 (1.1798), acc: 68.000% (51.707%)
Apr-01 19:32:18.904 - [20250/50000] loss: 1.1924 (1.1769), acc: 58.667% (51.893%)
Apr-01 19:32:27.657 - [20300/50000] loss: 1.1307 (1.1739), acc: 45.333% (52.071%)
Apr-01 19:32:36.529 - [20350/50000] loss: 1.0197 (1.1715), acc: 66.667% (52.293%)
Apr-01 19:32:44.654 - [20400/50000] loss: 1.0214 (1.1722), acc: 57.333% (52.303%)
Apr-01 19:32:52.716 - [20450/50000] loss: 1.1263 (1.1717), acc: 56.000% (52.373%)
Apr-01 19:33:00.905 - [20500/50000] loss: 1.2252 (1.1725), acc: 44.000% (52.293%)
Apr-01 19:33:09.442 - [20550/50000] loss: 1.5019 (1.1689), acc: 32.000% (52.422%)
Apr-01 19:33:17.465 - [20600/50000] loss: 1.1935 (1.1689), acc: 56.000% (52.451%)
Apr-01 19:33:26.633 - [20650/50000] loss: 1.4687 (1.1692), acc: 42.667% (52.529%)
Apr-01 19:33:34.866 - [20700/50000] loss: 0.9430 (1.1661), acc: 58.667% (52.718%)
Apr-01 19:33:44.250 - [20750/50000] loss: 1.1795 (1.1679), acc: 52.000% (52.613%)
Apr-01 19:33:53.135 - [20800/50000] loss: 1.4659 (1.1681), acc: 30.667% (52.593%)
Apr-01 19:34:01.812 - [20850/50000] loss: 0.9888 (1.1666), acc: 64.000% (52.670%)
Apr-01 19:34:10.516 - [20900/50000] loss: 1.0911 (1.1680), acc: 60.000% (52.604%)
Apr-01 19:34:20.617 - [20950/50000] loss: 1.3894 (1.1677), acc: 42.667% (52.623%)
Apr-01 19:34:28.838 - [21000/50000] loss: 1.3480 (1.1681), acc: 49.333% (52.591%)
Apr-01 19:35:09.813 - [21000] Eval (100 episode) - loss: 1.1188 +- 0.1819, acc: 54.467 +- 9.018%
Apr-01 19:35:19.639 - [21050/50000] loss: 1.0390 (1.1677), acc: 64.000% (52.427%)
Apr-01 19:35:27.857 - [21100/50000] loss: 1.1632 (1.1728), acc: 53.333% (52.320%)
Apr-01 19:35:36.750 - [21150/50000] loss: 1.2101 (1.1463), acc: 46.667% (53.556%)
Apr-01 19:35:44.798 - [21200/50000] loss: 1.0306 (1.1518), acc: 56.000% (53.633%)
Apr-01 19:35:52.660 - [21250/50000] loss: 1.0252 (1.1555), acc: 57.333% (53.461%)
Apr-01 19:36:00.999 - [21300/50000] loss: 1.3100 (1.1556), acc: 44.000% (53.440%)
Apr-01 19:36:08.871 - [21350/50000] loss: 1.1629 (1.1622), acc: 54.667% (53.040%)
Apr-01 19:36:16.963 - [21400/50000] loss: 0.9751 (1.1641), acc: 58.667% (52.983%)
Apr-01 19:36:25.739 - [21450/50000] loss: 1.0077 (1.1707), acc: 61.333% (52.747%)
Apr-01 19:36:33.732 - [21500/50000] loss: 1.1871 (1.1723), acc: 53.333% (52.747%)
Apr-01 19:36:42.132 - [21550/50000] loss: 1.1843 (1.1729), acc: 54.667% (52.720%)
Apr-01 19:36:50.539 - [21600/50000] loss: 1.3084 (1.1670), acc: 44.000% (53.042%)
Apr-01 19:36:58.630 - [21650/50000] loss: 1.4206 (1.1661), acc: 40.000% (53.093%)
Apr-01 19:37:07.132 - [21700/50000] loss: 0.8367 (1.1645), acc: 77.333% (53.118%)
Apr-01 19:37:14.754 - [21750/50000] loss: 0.9591 (1.1657), acc: 65.333% (53.045%)
Apr-01 19:37:23.269 - [21800/50000] loss: 0.9573 (1.1659), acc: 62.667% (53.015%)
Apr-01 19:37:32.337 - [21850/50000] loss: 1.0112 (1.1663), acc: 58.667% (52.940%)
Apr-01 19:37:41.066 - [21900/50000] loss: 0.9236 (1.1670), acc: 62.667% (52.933%)
Apr-01 19:37:48.826 - [21950/50000] loss: 1.4289 (1.1684), acc: 44.000% (52.851%)
Apr-01 19:37:57.260 - [22000/50000] loss: 1.2596 (1.1684), acc: 53.333% (52.881%)
Apr-01 19:38:43.296 - [22000] Eval (100 episode) - loss: 1.1062 +- 0.1769, acc: 55.933 +- 9.134%
Apr-01 19:38:51.554 - [22050/50000] loss: 0.9498 (1.1465), acc: 64.000% (53.760%)
Apr-01 19:38:59.985 - [22100/50000] loss: 0.9644 (1.1285), acc: 61.333% (54.320%)
Apr-01 19:39:08.109 - [22150/50000] loss: 1.1131 (1.1388), acc: 56.000% (53.796%)
Apr-01 19:39:16.136 - [22200/50000] loss: 0.9748 (1.1422), acc: 60.000% (53.967%)
Apr-01 19:39:24.165 - [22250/50000] loss: 0.8513 (1.1432), acc: 64.000% (54.101%)
Apr-01 19:39:32.160 - [22300/50000] loss: 1.4077 (1.1454), acc: 34.667% (53.969%)
Apr-01 19:39:40.339 - [22350/50000] loss: 1.6305 (1.1485), acc: 33.333% (53.855%)
Apr-01 19:39:48.830 - [22400/50000] loss: 0.8490 (1.1507), acc: 66.667% (53.743%)
Apr-01 19:39:57.159 - [22450/50000] loss: 1.3653 (1.1498), acc: 34.667% (53.920%)
Apr-01 19:40:05.565 - [22500/50000] loss: 0.9467 (1.1464), acc: 61.333% (54.067%)
Apr-01 19:40:13.671 - [22550/50000] loss: 1.2977 (1.1528), acc: 41.333% (53.733%)
Apr-01 19:40:21.694 - [22600/50000] loss: 1.1418 (1.1543), acc: 56.000% (53.631%)
Apr-01 19:40:30.191 - [22650/50000] loss: 0.9070 (1.1535), acc: 69.333% (53.625%)
Apr-01 19:40:38.698 - [22700/50000] loss: 1.2338 (1.1532), acc: 49.333% (53.657%)
Apr-01 19:40:47.149 - [22750/50000] loss: 1.2104 (1.1548), acc: 42.667% (53.579%)
Apr-01 19:40:56.061 - [22800/50000] loss: 1.1633 (1.1584), acc: 49.333% (53.412%)
Apr-01 19:41:04.590 - [22850/50000] loss: 1.3567 (1.1607), acc: 40.000% (53.222%)
Apr-01 19:41:12.621 - [22900/50000] loss: 1.2268 (1.1608), acc: 52.000% (53.141%)
Apr-01 19:41:21.244 - [22950/50000] loss: 1.3614 (1.1596), acc: 41.333% (53.183%)
Apr-01 19:41:29.368 - [23000/50000] loss: 0.9836 (1.1598), acc: 61.333% (53.119%)
Apr-01 19:42:08.531 - [23000] Eval (100 episode) - loss: 1.1340 +- 0.1555, acc: 54.533 +- 8.771%
Apr-01 19:42:16.062 - [23050/50000] loss: 1.5661 (1.1552), acc: 42.667% (54.213%)
Apr-01 19:42:24.196 - [23100/50000] loss: 1.4441 (1.1702), acc: 36.000% (53.347%)
Apr-01 19:42:31.982 - [23150/50000] loss: 1.0994 (1.1556), acc: 56.000% (53.467%)
Apr-01 19:42:41.794 - [23200/50000] loss: 0.9394 (1.1539), acc: 66.667% (53.447%)
Apr-01 19:42:52.099 - [23250/50000] loss: 1.1017 (1.1593), acc: 60.000% (53.136%)
Apr-01 19:43:03.792 - [23300/50000] loss: 1.1249 (1.1549), acc: 52.000% (53.387%)
Apr-01 19:43:12.720 - [23350/50000] loss: 1.0950 (1.1584), acc: 57.333% (53.303%)
Apr-01 19:43:20.931 - [23400/50000] loss: 0.9850 (1.1561), acc: 66.667% (53.373%)
Apr-01 19:43:29.348 - [23450/50000] loss: 1.1951 (1.1522), acc: 61.333% (53.479%)
Apr-01 19:43:37.703 - [23500/50000] loss: 1.0878 (1.1503), acc: 53.333% (53.653%)
Apr-01 19:43:45.905 - [23550/50000] loss: 1.2656 (1.1558), acc: 48.000% (53.355%)
Apr-01 19:43:54.235 - [23600/50000] loss: 1.2011 (1.1573), acc: 54.667% (53.340%)
Apr-01 19:44:02.603 - [23650/50000] loss: 1.0507 (1.1593), acc: 64.000% (53.264%)
Apr-01 19:44:10.979 - [23700/50000] loss: 1.1975 (1.1583), acc: 42.667% (53.272%)
Apr-01 19:44:19.527 - [23750/50000] loss: 0.9956 (1.1583), acc: 57.333% (53.287%)
Apr-01 19:44:27.780 - [23800/50000] loss: 1.2818 (1.1592), acc: 50.667% (53.245%)
Apr-01 19:44:36.136 - [23850/50000] loss: 0.9685 (1.1620), acc: 65.333% (53.142%)
Apr-01 19:44:45.119 - [23900/50000] loss: 1.2648 (1.1623), acc: 41.333% (53.148%)
Apr-01 19:44:53.602 - [23950/50000] loss: 1.3665 (1.1633), acc: 38.667% (52.981%)
Apr-01 19:45:01.589 - [24000/50000] loss: 1.2088 (1.1633), acc: 49.333% (52.971%)
Apr-01 19:45:44.703 - [24000] Eval (100 episode) - loss: 1.1121 +- 0.1524, acc: 54.973 +- 8.271%
Apr-01 19:45:52.883 - [24050/50000] loss: 1.2925 (1.1720), acc: 46.667% (52.880%)
Apr-01 19:46:01.095 - [24100/50000] loss: 1.2529 (1.1778), acc: 60.000% (52.880%)
Apr-01 19:46:09.078 - [24150/50000] loss: 1.3909 (1.1746), acc: 38.667% (52.684%)
Apr-01 19:46:17.003 - [24200/50000] loss: 1.2522 (1.1768), acc: 56.000% (52.953%)
Apr-01 19:46:25.247 - [24250/50000] loss: 1.5260 (1.1701), acc: 37.333% (53.285%)
Apr-01 19:46:33.798 - [24300/50000] loss: 1.4047 (1.1702), acc: 46.667% (53.178%)
Apr-01 19:46:42.023 - [24350/50000] loss: 1.2382 (1.1673), acc: 41.333% (53.223%)
Apr-01 19:46:50.100 - [24400/50000] loss: 0.8321 (1.1681), acc: 74.667% (53.123%)
Apr-01 19:46:58.416 - [24450/50000] loss: 1.3559 (1.1668), acc: 41.333% (53.147%)
Apr-01 19:47:06.451 - [24500/50000] loss: 0.9337 (1.1673), acc: 60.000% (53.171%)
Apr-01 19:47:14.700 - [24550/50000] loss: 0.7441 (1.1663), acc: 74.667% (53.127%)
Apr-01 19:47:23.468 - [24600/50000] loss: 1.0643 (1.1644), acc: 52.000% (53.227%)
Apr-01 19:47:32.120 - [24650/50000] loss: 1.1990 (1.1635), acc: 48.000% (53.194%)
Apr-01 19:47:40.739 - [24700/50000] loss: 1.3388 (1.1646), acc: 44.000% (53.107%)
Apr-01 19:47:50.325 - [24750/50000] loss: 0.8664 (1.1605), acc: 62.667% (53.250%)
Apr-01 19:47:59.459 - [24800/50000] loss: 1.2496 (1.1629), acc: 50.667% (53.082%)
Apr-01 19:48:08.539 - [24850/50000] loss: 1.0614 (1.1602), acc: 62.667% (53.191%)
Apr-01 19:48:17.646 - [24900/50000] loss: 1.4497 (1.1610), acc: 41.333% (53.114%)
Apr-01 19:48:26.968 - [24950/50000] loss: 1.1339 (1.1619), acc: 52.000% (53.091%)
Apr-01 19:48:36.641 - [25000/50000] loss: 1.1354 (1.1604), acc: 56.000% (53.180%)
Apr-01 19:49:12.781 - [25000] Eval (100 episode) - loss: 1.1220 +- 0.1855, acc: 55.333 +- 9.083%
Apr-01 19:49:21.075 - [25050/50000] loss: 1.1808 (1.1574), acc: 53.333% (53.813%)
Apr-01 19:49:31.260 - [25100/50000] loss: 1.0339 (1.1805), acc: 57.333% (52.173%)
Apr-01 19:49:41.059 - [25150/50000] loss: 1.0582 (1.1786), acc: 61.333% (52.542%)
Apr-01 19:49:50.690 - [25200/50000] loss: 1.3302 (1.1708), acc: 48.000% (52.740%)
Apr-01 19:49:58.825 - [25250/50000] loss: 1.0622 (1.1637), acc: 62.667% (53.072%)
Apr-01 19:50:07.119 - [25300/50000] loss: 1.1636 (1.1590), acc: 56.000% (53.320%)
Apr-01 19:50:15.729 - [25350/50000] loss: 1.1060 (1.1574), acc: 52.000% (53.360%)
Apr-01 19:50:24.870 - [25400/50000] loss: 1.0477 (1.1562), acc: 52.000% (53.387%)
Apr-01 19:50:34.010 - [25450/50000] loss: 1.2810 (1.1553), acc: 46.667% (53.523%)
Apr-01 19:50:42.272 - [25500/50000] loss: 1.2983 (1.1523), acc: 52.000% (53.661%)
Apr-01 19:50:51.232 - [25550/50000] loss: 1.0441 (1.1528), acc: 60.000% (53.554%)
Apr-01 19:50:59.628 - [25600/50000] loss: 0.9013 (1.1535), acc: 68.000% (53.558%)
Apr-01 19:51:07.941 - [25650/50000] loss: 1.0765 (1.1557), acc: 57.333% (53.458%)
Apr-01 19:51:16.332 - [25700/50000] loss: 1.1466 (1.1522), acc: 54.667% (53.606%)
Apr-01 19:51:25.931 - [25750/50000] loss: 1.4866 (1.1544), acc: 37.333% (53.433%)
Apr-01 19:51:35.054 - [25800/50000] loss: 1.0898 (1.1549), acc: 50.667% (53.378%)
Apr-01 19:51:43.390 - [25850/50000] loss: 1.1808 (1.1559), acc: 54.667% (53.373%)
Apr-01 19:51:51.699 - [25900/50000] loss: 1.3905 (1.1539), acc: 45.333% (53.483%)
Apr-01 19:52:00.448 - [25950/50000] loss: 1.1323 (1.1516), acc: 44.000% (53.636%)
Apr-01 19:52:08.772 - [26000/50000] loss: 1.0673 (1.1495), acc: 60.000% (53.749%)
Apr-01 19:52:47.111 - [26000] Eval (100 episode) - loss: 1.1193 +- 0.1967, acc: 54.400 +- 9.976%
Apr-01 19:52:54.737 - [26050/50000] loss: 1.1502 (1.1420), acc: 48.000% (53.707%)
Apr-01 19:53:03.683 - [26100/50000] loss: 1.1144 (1.1408), acc: 50.667% (53.600%)
Apr-01 19:53:12.437 - [26150/50000] loss: 1.0407 (1.1391), acc: 61.333% (54.044%)
Apr-01 19:53:21.621 - [26200/50000] loss: 1.0281 (1.1339), acc: 61.333% (54.380%)
Apr-01 19:53:30.242 - [26250/50000] loss: 1.0322 (1.1343), acc: 61.333% (54.368%)
Apr-01 19:53:39.178 - [26300/50000] loss: 1.1345 (1.1412), acc: 53.333% (54.044%)
Apr-01 19:53:47.750 - [26350/50000] loss: 1.0961 (1.1390), acc: 54.667% (54.198%)
Apr-01 19:53:56.366 - [26400/50000] loss: 1.2266 (1.1416), acc: 50.667% (54.033%)
Apr-01 19:54:04.413 - [26450/50000] loss: 1.2479 (1.1468), acc: 52.000% (53.796%)
Apr-01 19:54:12.985 - [26500/50000] loss: 1.6567 (1.1504), acc: 32.000% (53.669%)
Apr-01 19:54:21.380 - [26550/50000] loss: 0.9376 (1.1511), acc: 62.667% (53.661%)
Apr-01 19:54:30.156 - [26600/50000] loss: 1.1346 (1.1513), acc: 52.000% (53.618%)
Apr-01 19:54:38.852 - [26650/50000] loss: 1.4409 (1.1512), acc: 42.667% (53.657%)
Apr-01 19:54:47.655 - [26700/50000] loss: 1.0267 (1.1499), acc: 62.667% (53.731%)
Apr-01 19:54:57.248 - [26750/50000] loss: 1.0885 (1.1504), acc: 54.667% (53.694%)
Apr-01 19:55:07.090 - [26800/50000] loss: 0.8212 (1.1482), acc: 74.667% (53.738%)
Apr-01 19:55:16.042 - [26850/50000] loss: 1.1676 (1.1502), acc: 54.667% (53.620%)
Apr-01 19:55:25.524 - [26900/50000] loss: 1.2817 (1.1505), acc: 46.667% (53.578%)
Apr-01 19:55:34.206 - [26950/50000] loss: 1.0698 (1.1491), acc: 54.667% (53.670%)
Apr-01 19:55:42.968 - [27000/50000] loss: 1.1662 (1.1501), acc: 48.000% (53.605%)
Apr-01 19:56:21.545 - [27000] Eval (100 episode) - loss: 1.0844 +- 0.1621, acc: 56.973 +- 8.954%
Apr-01 19:56:21.549 - * Best accuracy so far *

Apr-01 19:56:29.711 - [27050/50000] loss: 1.2601 (1.0998), acc: 50.667% (55.973%)
Apr-01 19:56:38.551 - [27100/50000] loss: 1.3187 (1.1491), acc: 48.000% (53.560%)
Apr-01 19:56:48.946 - [27150/50000] loss: 1.0133 (1.1570), acc: 69.333% (53.280%)
Apr-01 19:56:57.590 - [27200/50000] loss: 1.0010 (1.1403), acc: 62.667% (54.233%)
Apr-01 19:57:06.282 - [27250/50000] loss: 1.2107 (1.1381), acc: 53.333% (54.368%)
Apr-01 19:57:15.056 - [27300/50000] loss: 1.0130 (1.1394), acc: 61.333% (54.236%)
Apr-01 19:57:23.593 - [27350/50000] loss: 1.0963 (1.1404), acc: 60.000% (54.168%)
Apr-01 19:57:32.556 - [27400/50000] loss: 1.1823 (1.1388), acc: 53.333% (54.157%)
Apr-01 19:57:41.054 - [27450/50000] loss: 1.0377 (1.1409), acc: 57.333% (54.113%)
Apr-01 19:57:49.387 - [27500/50000] loss: 1.0516 (1.1441), acc: 60.000% (53.909%)
Apr-01 19:57:57.909 - [27550/50000] loss: 1.1879 (1.1466), acc: 48.000% (53.709%)
Apr-01 19:58:07.351 - [27600/50000] loss: 1.1902 (1.1464), acc: 50.667% (53.749%)
Apr-01 19:58:15.551 - [27650/50000] loss: 1.2908 (1.1466), acc: 40.000% (53.805%)
Apr-01 19:58:25.156 - [27700/50000] loss: 0.9920 (1.1435), acc: 65.333% (53.949%)
Apr-01 19:58:34.004 - [27750/50000] loss: 1.1799 (1.1402), acc: 53.333% (54.105%)
Apr-01 19:58:43.106 - [27800/50000] loss: 1.2062 (1.1430), acc: 57.333% (53.978%)
Apr-01 19:58:52.843 - [27850/50000] loss: 1.2109 (1.1430), acc: 53.333% (53.978%)
Apr-01 19:59:00.837 - [27900/50000] loss: 0.9430 (1.1449), acc: 61.333% (53.858%)
Apr-01 19:59:10.126 - [27950/50000] loss: 1.1577 (1.1427), acc: 54.667% (53.997%)
Apr-01 19:59:19.658 - [28000/50000] loss: 1.0436 (1.1410), acc: 53.333% (54.081%)
Apr-01 19:59:58.895 - [28000] Eval (100 episode) - loss: 1.1016 +- 0.1878, acc: 56.040 +- 9.114%
Apr-01 20:00:07.150 - [28050/50000] loss: 1.0442 (1.1642), acc: 58.667% (53.760%)
Apr-01 20:00:15.309 - [28100/50000] loss: 1.3406 (1.1775), acc: 40.000% (52.520%)
Apr-01 20:00:23.588 - [28150/50000] loss: 0.9646 (1.1691), acc: 53.333% (53.022%)
Apr-01 20:00:31.751 - [28200/50000] loss: 1.0102 (1.1513), acc: 57.333% (53.873%)
Apr-01 20:00:39.887 - [28250/50000] loss: 1.2130 (1.1455), acc: 50.667% (54.101%)
Apr-01 20:00:48.440 - [28300/50000] loss: 1.2980 (1.1454), acc: 49.333% (53.978%)
Apr-01 20:00:57.464 - [28350/50000] loss: 1.1370 (1.1353), acc: 50.667% (54.442%)
Apr-01 20:01:05.596 - [28400/50000] loss: 0.9137 (1.1361), acc: 65.333% (54.343%)
Apr-01 20:01:14.861 - [28450/50000] loss: 1.3527 (1.1393), acc: 40.000% (54.264%)
Apr-01 20:01:23.170 - [28500/50000] loss: 1.3443 (1.1426), acc: 42.667% (54.189%)
Apr-01 20:01:31.973 - [28550/50000] loss: 1.0201 (1.1437), acc: 57.333% (54.269%)
Apr-01 20:01:40.492 - [28600/50000] loss: 1.1893 (1.1410), acc: 57.333% (54.449%)
Apr-01 20:01:49.666 - [28650/50000] loss: 1.1834 (1.1448), acc: 52.000% (54.207%)
Apr-01 20:01:57.602 - [28700/50000] loss: 1.4215 (1.1426), acc: 44.000% (54.301%)
Apr-01 20:02:06.420 - [28750/50000] loss: 0.8438 (1.1430), acc: 66.667% (54.231%)
Apr-01 20:02:14.968 - [28800/50000] loss: 0.9104 (1.1433), acc: 70.667% (54.245%)
Apr-01 20:02:23.655 - [28850/50000] loss: 1.2346 (1.1425), acc: 46.667% (54.284%)
Apr-01 20:02:32.068 - [28900/50000] loss: 0.9653 (1.1434), acc: 64.000% (54.215%)
Apr-01 20:02:40.897 - [28950/50000] loss: 1.0633 (1.1434), acc: 54.667% (54.204%)
Apr-01 20:02:50.157 - [29000/50000] loss: 1.4789 (1.1421), acc: 36.000% (54.231%)
Apr-01 20:03:28.698 - [29000] Eval (100 episode) - loss: 1.0897 +- 0.1824, acc: 55.907 +- 10.373%
Apr-01 20:03:37.293 - [29050/50000] loss: 0.8898 (1.1163), acc: 69.333% (55.653%)
Apr-01 20:03:46.164 - [29100/50000] loss: 0.9763 (1.1170), acc: 66.667% (55.173%)
Apr-01 20:03:54.665 - [29150/50000] loss: 0.8852 (1.1135), acc: 65.333% (54.969%)
Apr-01 20:04:09.521 - [29200/50000] loss: 1.2137 (1.1115), acc: 49.333% (55.173%)
Apr-01 20:04:18.048 - [29250/50000] loss: 1.2457 (1.1082), acc: 46.667% (55.520%)
Apr-01 20:04:26.786 - [29300/50000] loss: 1.1054 (1.1161), acc: 54.667% (55.053%)
Apr-01 20:04:37.331 - [29350/50000] loss: 1.2129 (1.1198), acc: 46.667% (54.781%)
Apr-01 20:04:46.667 - [29400/50000] loss: 1.4016 (1.1223), acc: 40.000% (54.547%)
Apr-01 20:04:54.701 - [29450/50000] loss: 1.4262 (1.1212), acc: 36.000% (54.619%)
Apr-01 20:05:03.112 - [29500/50000] loss: 1.0985 (1.1175), acc: 56.000% (54.875%)
Apr-01 20:05:11.432 - [29550/50000] loss: 1.3008 (1.1156), acc: 50.667% (54.899%)
Apr-01 20:05:21.578 - [29600/50000] loss: 1.4149 (1.1131), acc: 37.333% (55.071%)
Apr-01 20:05:30.670 - [29650/50000] loss: 1.0720 (1.1151), acc: 61.333% (55.030%)
Apr-01 20:05:38.770 - [29700/50000] loss: 1.1679 (1.1157), acc: 56.000% (55.013%)
Apr-01 20:05:47.376 - [29750/50000] loss: 1.0017 (1.1187), acc: 57.333% (54.871%)
Apr-01 20:05:57.263 - [29800/50000] loss: 1.1593 (1.1217), acc: 53.333% (54.718%)
Apr-01 20:06:07.732 - [29850/50000] loss: 1.1159 (1.1229), acc: 60.000% (54.662%)
Apr-01 20:06:16.361 - [29900/50000] loss: 0.9460 (1.1221), acc: 61.333% (54.677%)
Apr-01 20:06:26.758 - [29950/50000] loss: 1.1782 (1.1222), acc: 44.000% (54.619%)
Apr-01 20:06:35.364 - [30000/50000] loss: 0.8575 (1.1208), acc: 72.000% (54.672%)
Apr-01 20:07:12.676 - [30000] Eval (100 episode) - loss: 1.0771 +- 0.1692, acc: 56.907 +- 8.363%
Apr-01 20:07:21.504 - [30050/50000] loss: 0.8853 (1.1664), acc: 69.333% (53.360%)
Apr-01 20:07:30.671 - [30100/50000] loss: 1.6375 (1.1469), acc: 21.333% (53.947%)
Apr-01 20:07:38.631 - [30150/50000] loss: 0.9899 (1.1549), acc: 57.333% (53.342%)
Apr-01 20:07:47.257 - [30200/50000] loss: 1.0455 (1.1439), acc: 57.333% (54.073%)
Apr-01 20:07:55.714 - [30250/50000] loss: 1.0212 (1.1458), acc: 60.000% (53.819%)
Apr-01 20:08:03.820 - [30300/50000] loss: 0.9948 (1.1501), acc: 54.667% (53.507%)
Apr-01 20:08:12.908 - [30350/50000] loss: 0.9145 (1.1478), acc: 62.667% (53.695%)
Apr-01 20:08:21.629 - [30400/50000] loss: 1.3055 (1.1465), acc: 52.000% (53.847%)
Apr-01 20:08:30.740 - [30450/50000] loss: 1.2646 (1.1506), acc: 49.333% (53.665%)
Apr-01 20:08:40.198 - [30500/50000] loss: 1.1759 (1.1466), acc: 52.000% (53.869%)
Apr-01 20:08:50.100 - [30550/50000] loss: 1.0769 (1.1437), acc: 60.000% (54.085%)
Apr-01 20:08:59.450 - [30600/50000] loss: 1.0671 (1.1403), acc: 54.667% (54.233%)
Apr-01 20:09:08.813 - [30650/50000] loss: 1.4310 (1.1394), acc: 46.667% (54.277%)
Apr-01 20:09:17.566 - [30700/50000] loss: 1.4304 (1.1380), acc: 34.667% (54.261%)
Apr-01 20:09:27.041 - [30750/50000] loss: 1.4107 (1.1397), acc: 42.667% (54.188%)
Apr-01 20:09:37.373 - [30800/50000] loss: 1.2081 (1.1389), acc: 42.667% (54.192%)
Apr-01 20:09:46.461 - [30850/50000] loss: 0.9036 (1.1400), acc: 62.667% (54.146%)
Apr-01 20:09:55.880 - [30900/50000] loss: 1.1663 (1.1397), acc: 56.000% (54.148%)
Apr-01 20:10:05.336 - [30950/50000] loss: 1.2529 (1.1403), acc: 46.667% (54.098%)
Apr-01 20:10:15.463 - [31000/50000] loss: 0.8569 (1.1412), acc: 72.000% (54.072%)
Apr-01 20:10:53.428 - [31000] Eval (100 episode) - loss: 1.1129 +- 0.1695, acc: 54.867 +- 9.410%
Apr-01 20:11:01.866 - [31050/50000] loss: 1.0855 (1.1277), acc: 56.000% (54.320%)
Apr-01 20:11:10.094 - [31100/50000] loss: 0.9435 (1.1491), acc: 62.667% (53.560%)
Apr-01 20:11:18.414 - [31150/50000] loss: 0.9613 (1.1477), acc: 57.333% (53.449%)
Apr-01 20:11:26.762 - [31200/50000] loss: 1.0054 (1.1471), acc: 54.667% (53.660%)
Apr-01 20:11:35.210 - [31250/50000] loss: 1.0484 (1.1419), acc: 49.333% (53.829%)
Apr-01 20:11:43.176 - [31300/50000] loss: 1.0661 (1.1413), acc: 60.000% (54.022%)
Apr-01 20:11:51.502 - [31350/50000] loss: 1.1654 (1.1425), acc: 49.333% (54.217%)
Apr-01 20:11:59.356 - [31400/50000] loss: 1.3392 (1.1456), acc: 52.000% (54.133%)
Apr-01 20:12:07.652 - [31450/50000] loss: 1.5379 (1.1439), acc: 36.000% (54.089%)
Apr-01 20:12:16.203 - [31500/50000] loss: 1.2001 (1.1412), acc: 54.667% (54.187%)
Apr-01 20:12:24.327 - [31550/50000] loss: 1.2416 (1.1397), acc: 50.667% (54.192%)
Apr-01 20:12:33.001 - [31600/50000] loss: 1.0396 (1.1346), acc: 58.667% (54.460%)
Apr-01 20:12:40.954 - [31650/50000] loss: 0.8450 (1.1366), acc: 61.333% (54.410%)
Apr-01 20:12:48.893 - [31700/50000] loss: 1.4488 (1.1352), acc: 32.000% (54.495%)
Apr-01 20:12:58.353 - [31750/50000] loss: 0.9255 (1.1329), acc: 65.333% (54.592%)
Apr-01 20:13:09.977 - [31800/50000] loss: 0.9014 (1.1313), acc: 69.333% (54.692%)
Apr-01 20:13:18.669 - [31850/50000] loss: 1.2878 (1.1306), acc: 57.333% (54.701%)
Apr-01 20:13:27.265 - [31900/50000] loss: 1.2787 (1.1295), acc: 50.667% (54.720%)
Apr-01 20:13:35.089 - [31950/50000] loss: 1.1181 (1.1319), acc: 53.333% (54.605%)
Apr-01 20:13:43.719 - [32000/50000] loss: 0.8740 (1.1308), acc: 72.000% (54.677%)
Apr-01 20:14:21.500 - [32000] Eval (100 episode) - loss: 1.0730 +- 0.1739, acc: 57.507 +- 8.683%
Apr-01 20:14:21.503 - * Best accuracy so far *

Apr-01 20:14:29.677 - [32050/50000] loss: 0.8398 (1.0927), acc: 68.000% (56.773%)
Apr-01 20:14:38.598 - [32100/50000] loss: 1.1836 (1.1141), acc: 48.000% (55.107%)
Apr-01 20:14:47.495 - [32150/50000] loss: 1.2946 (1.1181), acc: 44.000% (54.889%)
Apr-01 20:14:56.175 - [32200/50000] loss: 0.9522 (1.1243), acc: 61.333% (54.673%)
Apr-01 20:15:05.617 - [32250/50000] loss: 0.9669 (1.1180), acc: 61.333% (55.125%)
Apr-01 20:15:14.018 - [32300/50000] loss: 0.7388 (1.1134), acc: 77.333% (55.351%)
Apr-01 20:15:23.130 - [32350/50000] loss: 0.8245 (1.1148), acc: 62.667% (55.128%)
Apr-01 20:15:34.768 - [32400/50000] loss: 0.9887 (1.1197), acc: 64.000% (54.977%)
Apr-01 20:15:43.021 - [32450/50000] loss: 1.0348 (1.1272), acc: 56.000% (54.643%)
Apr-01 20:15:51.112 - [32500/50000] loss: 1.1683 (1.1281), acc: 54.667% (54.608%)
Apr-01 20:15:59.471 - [32550/50000] loss: 1.0717 (1.1269), acc: 54.667% (54.645%)
Apr-01 20:16:07.412 - [32600/50000] loss: 1.0799 (1.1287), acc: 53.333% (54.636%)
Apr-01 20:16:15.757 - [32650/50000] loss: 1.1216 (1.1291), acc: 54.667% (54.585%)
Apr-01 20:16:23.673 - [32700/50000] loss: 1.1907 (1.1274), acc: 46.667% (54.640%)
Apr-01 20:16:32.155 - [32750/50000] loss: 1.1940 (1.1267), acc: 45.333% (54.663%)
Apr-01 20:16:40.124 - [32800/50000] loss: 1.3991 (1.1265), acc: 41.333% (54.633%)
Apr-01 20:16:48.157 - [32850/50000] loss: 1.3282 (1.1258), acc: 41.333% (54.656%)
Apr-01 20:16:56.284 - [32900/50000] loss: 1.3526 (1.1271), acc: 56.000% (54.653%)
Apr-01 20:17:04.283 - [32950/50000] loss: 0.8367 (1.1291), acc: 70.667% (54.546%)
Apr-01 20:17:12.587 - [33000/50000] loss: 1.0211 (1.1288), acc: 57.333% (54.532%)
Apr-01 20:17:50.761 - [33000] Eval (100 episode) - loss: 1.0579 +- 0.1874, acc: 57.707 +- 9.409%
Apr-01 20:17:50.765 - * Best accuracy so far *

Apr-01 20:17:58.693 - [33050/50000] loss: 1.0977 (1.1321), acc: 53.333% (54.000%)
Apr-01 20:18:06.669 - [33100/50000] loss: 0.9801 (1.1285), acc: 57.333% (54.373%)
Apr-01 20:18:15.204 - [33150/50000] loss: 1.1737 (1.1254), acc: 52.000% (54.507%)
Apr-01 20:18:23.652 - [33200/50000] loss: 1.3031 (1.1228), acc: 48.000% (54.680%)
Apr-01 20:18:31.336 - [33250/50000] loss: 1.2374 (1.1164), acc: 54.667% (54.891%)
Apr-01 20:18:39.743 - [33300/50000] loss: 1.2712 (1.1155), acc: 53.333% (54.871%)
Apr-01 20:18:49.140 - [33350/50000] loss: 1.3320 (1.1177), acc: 48.000% (54.815%)
Apr-01 20:18:56.774 - [33400/50000] loss: 1.1766 (1.1228), acc: 48.000% (54.610%)
Apr-01 20:19:05.395 - [33450/50000] loss: 1.1919 (1.1241), acc: 49.333% (54.489%)
Apr-01 20:19:13.899 - [33500/50000] loss: 0.8914 (1.1275), acc: 64.000% (54.240%)
Apr-01 20:19:22.155 - [33550/50000] loss: 0.9470 (1.1235), acc: 64.000% (54.470%)
Apr-01 20:19:31.378 - [33600/50000] loss: 1.3129 (1.1258), acc: 48.000% (54.342%)
Apr-01 20:19:38.989 - [33650/50000] loss: 1.0770 (1.1245), acc: 57.333% (54.451%)
Apr-01 20:19:47.180 - [33700/50000] loss: 1.1293 (1.1260), acc: 52.000% (54.390%)
Apr-01 20:19:55.530 - [33750/50000] loss: 1.6883 (1.1272), acc: 37.333% (54.372%)
Apr-01 20:20:03.871 - [33800/50000] loss: 1.1150 (1.1258), acc: 46.667% (54.463%)
Apr-01 20:20:11.923 - [33850/50000] loss: 1.2128 (1.1250), acc: 53.333% (54.467%)
Apr-01 20:20:20.169 - [33900/50000] loss: 1.2762 (1.1260), acc: 45.333% (54.447%)
Apr-01 20:20:28.463 - [33950/50000] loss: 0.9098 (1.1266), acc: 69.333% (54.429%)
Apr-01 20:20:36.952 - [34000/50000] loss: 0.9987 (1.1249), acc: 62.667% (54.527%)
Apr-01 20:21:16.355 - [34000] Eval (100 episode) - loss: 1.0530 +- 0.1725, acc: 57.707 +- 8.925%
Apr-01 20:21:24.813 - [34050/50000] loss: 1.0374 (1.1008), acc: 61.333% (56.187%)
Apr-01 20:21:33.566 - [34100/50000] loss: 0.8722 (1.1121), acc: 69.333% (56.160%)
Apr-01 20:21:42.211 - [34150/50000] loss: 0.9275 (1.1008), acc: 60.000% (55.982%)
Apr-01 20:21:50.323 - [34200/50000] loss: 1.2236 (1.1119), acc: 48.000% (55.507%)
Apr-01 20:21:59.042 - [34250/50000] loss: 1.2053 (1.1091), acc: 44.000% (55.659%)
Apr-01 20:22:07.132 - [34300/50000] loss: 1.1181 (1.1199), acc: 60.000% (55.284%)
Apr-01 20:22:16.121 - [34350/50000] loss: 1.4450 (1.1161), acc: 38.667% (55.531%)
Apr-01 20:22:24.493 - [34400/50000] loss: 1.1733 (1.1179), acc: 56.000% (55.460%)
Apr-01 20:22:33.178 - [34450/50000] loss: 1.0736 (1.1158), acc: 64.000% (55.615%)
Apr-01 20:22:41.047 - [34500/50000] loss: 1.4551 (1.1146), acc: 32.000% (55.669%)
Apr-01 20:22:50.070 - [34550/50000] loss: 1.2522 (1.1158), acc: 50.667% (55.578%)
Apr-01 20:22:59.405 - [34600/50000] loss: 0.8768 (1.1165), acc: 65.333% (55.584%)
Apr-01 20:23:07.692 - [34650/50000] loss: 1.5488 (1.1181), acc: 40.000% (55.458%)
Apr-01 20:23:16.132 - [34700/50000] loss: 1.2249 (1.1210), acc: 52.000% (55.318%)
Apr-01 20:23:24.547 - [34750/50000] loss: 1.4804 (1.1206), acc: 34.667% (55.294%)
Apr-01 20:23:33.459 - [34800/50000] loss: 1.4189 (1.1226), acc: 46.667% (55.245%)
Apr-01 20:23:42.549 - [34850/50000] loss: 1.2860 (1.1220), acc: 45.333% (55.211%)
Apr-01 20:23:51.230 - [34900/50000] loss: 0.9789 (1.1212), acc: 56.000% (55.227%)
Apr-01 20:24:00.054 - [34950/50000] loss: 1.1095 (1.1236), acc: 54.667% (55.065%)
Apr-01 20:24:09.960 - [35000/50000] loss: 1.1999 (1.1239), acc: 49.333% (55.045%)
Apr-01 20:24:47.954 - [35000] Eval (100 episode) - loss: 1.0821 +- 0.1725, acc: 55.520 +- 8.991%
Apr-01 20:24:56.896 - [35050/50000] loss: 1.2349 (1.1437), acc: 44.000% (53.333%)
Apr-01 20:25:06.099 - [35100/50000] loss: 1.2380 (1.1218), acc: 44.000% (54.800%)
Apr-01 20:25:15.678 - [35150/50000] loss: 1.2495 (1.1212), acc: 46.667% (54.507%)
Apr-01 20:25:23.111 - [35200/50000] loss: 1.1702 (1.1284), acc: 45.333% (54.193%)
Apr-01 20:25:31.614 - [35250/50000] loss: 1.0161 (1.1366), acc: 62.667% (54.128%)
Apr-01 20:25:39.992 - [35300/50000] loss: 1.0864 (1.1276), acc: 52.000% (54.507%)
Apr-01 20:25:49.073 - [35350/50000] loss: 1.3935 (1.1337), acc: 46.667% (54.377%)
Apr-01 20:25:57.175 - [35400/50000] loss: 1.4986 (1.1288), acc: 38.667% (54.577%)
Apr-01 20:26:05.994 - [35450/50000] loss: 1.1716 (1.1270), acc: 54.667% (54.575%)
Apr-01 20:26:14.431 - [35500/50000] loss: 1.2993 (1.1265), acc: 49.333% (54.563%)
Apr-01 20:26:23.200 - [35550/50000] loss: 0.9037 (1.1224), acc: 64.000% (54.822%)
Apr-01 20:26:31.538 - [35600/50000] loss: 1.4918 (1.1206), acc: 41.333% (54.936%)
Apr-01 20:26:39.801 - [35650/50000] loss: 1.4626 (1.1238), acc: 36.000% (54.818%)
Apr-01 20:26:47.581 - [35700/50000] loss: 1.0192 (1.1238), acc: 56.000% (54.823%)
Apr-01 20:26:56.270 - [35750/50000] loss: 1.0232 (1.1255), acc: 60.000% (54.676%)
Apr-01 20:27:04.996 - [35800/50000] loss: 0.9834 (1.1252), acc: 65.333% (54.673%)
Apr-01 20:27:13.473 - [35850/50000] loss: 1.1339 (1.1238), acc: 58.667% (54.773%)
Apr-01 20:27:21.829 - [35900/50000] loss: 1.2807 (1.1256), acc: 48.000% (54.708%)
Apr-01 20:27:30.059 - [35950/50000] loss: 1.1675 (1.1258), acc: 58.667% (54.772%)
Apr-01 20:27:38.256 - [36000/50000] loss: 1.5892 (1.1279), acc: 34.667% (54.665%)
Apr-01 20:28:17.685 - [36000] Eval (100 episode) - loss: 1.0572 +- 0.1644, acc: 58.573 +- 8.049%
Apr-01 20:28:17.689 - * Best accuracy so far *

Apr-01 20:28:25.758 - [36050/50000] loss: 1.2157 (1.1425), acc: 53.333% (54.560%)
Apr-01 20:28:34.763 - [36100/50000] loss: 1.0683 (1.1432), acc: 54.667% (54.387%)
Apr-01 20:28:42.819 - [36150/50000] loss: 1.1033 (1.1368), acc: 57.333% (54.711%)
Apr-01 20:28:51.409 - [36200/50000] loss: 0.9557 (1.1414), acc: 64.000% (54.307%)
Apr-01 20:28:59.584 - [36250/50000] loss: 0.9344 (1.1349), acc: 62.667% (54.640%)
Apr-01 20:29:08.231 - [36300/50000] loss: 1.0509 (1.1392), acc: 60.000% (54.302%)
Apr-01 20:29:16.528 - [36350/50000] loss: 0.8876 (1.1326), acc: 69.333% (54.632%)
Apr-01 20:29:34.302 - [36400/50000] loss: 1.2611 (1.1320), acc: 52.000% (54.777%)
Apr-01 20:29:43.120 - [36450/50000] loss: 0.8990 (1.1306), acc: 62.667% (54.844%)
Apr-01 20:29:51.802 - [36500/50000] loss: 0.9262 (1.1328), acc: 68.000% (54.651%)
Apr-01 20:30:00.046 - [36550/50000] loss: 1.0530 (1.1322), acc: 52.000% (54.601%)
Apr-01 20:30:08.700 - [36600/50000] loss: 1.2414 (1.1341), acc: 42.667% (54.473%)
Apr-01 20:30:18.490 - [36650/50000] loss: 1.2317 (1.1358), acc: 53.333% (54.423%)
Apr-01 20:30:27.568 - [36700/50000] loss: 1.1411 (1.1348), acc: 44.000% (54.434%)
Apr-01 20:30:36.881 - [36750/50000] loss: 1.1351 (1.1336), acc: 54.667% (54.512%)
Apr-01 20:30:45.442 - [36800/50000] loss: 1.0635 (1.1326), acc: 57.333% (54.540%)
Apr-01 20:30:54.920 - [36850/50000] loss: 0.8810 (1.1334), acc: 65.333% (54.477%)
Apr-01 20:31:04.986 - [36900/50000] loss: 1.2500 (1.1326), acc: 44.000% (54.513%)
Apr-01 20:31:14.738 - [36950/50000] loss: 1.2187 (1.1323), acc: 49.333% (54.500%)
Apr-01 20:31:23.639 - [37000/50000] loss: 1.1586 (1.1320), acc: 46.667% (54.493%)
Apr-01 20:31:59.610 - [37000] Eval (100 episode) - loss: 1.1007 +- 0.1662, acc: 56.213 +- 8.892%
Apr-01 20:32:08.201 - [37050/50000] loss: 1.2203 (1.1120), acc: 45.333% (55.547%)
Apr-01 20:32:16.606 - [37100/50000] loss: 1.3259 (1.1191), acc: 42.667% (55.213%)
Apr-01 20:32:25.354 - [37150/50000] loss: 0.9604 (1.1067), acc: 65.333% (55.929%)
Apr-01 20:32:34.959 - [37200/50000] loss: 1.3110 (1.1021), acc: 44.000% (55.840%)
Apr-01 20:32:44.606 - [37250/50000] loss: 0.8675 (1.1032), acc: 72.000% (55.691%)
Apr-01 20:32:53.677 - [37300/50000] loss: 0.9377 (1.0995), acc: 65.333% (56.000%)
Apr-01 20:33:02.668 - [37350/50000] loss: 1.1566 (1.1036), acc: 57.333% (55.817%)
Apr-01 20:33:10.726 - [37400/50000] loss: 1.1944 (1.1096), acc: 56.000% (55.553%)
Apr-01 20:33:19.205 - [37450/50000] loss: 1.2250 (1.1119), acc: 50.667% (55.517%)
Apr-01 20:33:27.616 - [37500/50000] loss: 1.0943 (1.1175), acc: 53.333% (55.149%)
Apr-01 20:33:36.864 - [37550/50000] loss: 1.0399 (1.1174), acc: 65.333% (55.195%)
Apr-01 20:33:45.955 - [37600/50000] loss: 1.2004 (1.1182), acc: 48.000% (55.216%)
Apr-01 20:33:55.201 - [37650/50000] loss: 1.2716 (1.1183), acc: 46.667% (55.143%)
Apr-01 20:34:03.667 - [37700/50000] loss: 0.8812 (1.1199), acc: 68.000% (55.051%)
Apr-01 20:34:12.447 - [37750/50000] loss: 1.1023 (1.1216), acc: 49.333% (54.956%)
Apr-01 20:34:21.358 - [37800/50000] loss: 0.9230 (1.1234), acc: 68.000% (54.920%)
Apr-01 20:34:31.002 - [37850/50000] loss: 1.2825 (1.1226), acc: 49.333% (54.955%)
Apr-01 20:34:39.533 - [37900/50000] loss: 1.2504 (1.1226), acc: 44.000% (54.883%)
Apr-01 20:34:48.412 - [37950/50000] loss: 1.0038 (1.1227), acc: 60.000% (54.887%)
Apr-01 20:34:57.126 - [38000/50000] loss: 1.4063 (1.1236), acc: 40.000% (54.871%)
Apr-01 20:35:37.711 - [38000] Eval (100 episode) - loss: 1.1134 +- 0.1771, acc: 55.813 +- 8.567%
Apr-01 20:35:45.646 - [38050/50000] loss: 0.6878 (1.1042), acc: 73.333% (55.867%)
Apr-01 20:35:55.047 - [38100/50000] loss: 1.2075 (1.1113), acc: 53.333% (55.800%)
Apr-01 20:36:02.969 - [38150/50000] loss: 1.0833 (1.1039), acc: 56.000% (55.707%)
Apr-01 20:36:11.517 - [38200/50000] loss: 1.1054 (1.1038), acc: 50.667% (55.827%)
Apr-01 20:36:20.260 - [38250/50000] loss: 1.5433 (1.1159), acc: 32.000% (55.355%)
Apr-01 20:36:28.823 - [38300/50000] loss: 1.4050 (1.1098), acc: 37.333% (55.720%)
Apr-01 20:36:37.445 - [38350/50000] loss: 1.4243 (1.1129), acc: 36.000% (55.608%)
Apr-01 20:36:46.109 - [38400/50000] loss: 1.1667 (1.1180), acc: 45.333% (55.327%)
Apr-01 20:36:54.820 - [38450/50000] loss: 1.3266 (1.1125), acc: 49.333% (55.618%)
Apr-01 20:37:04.152 - [38500/50000] loss: 1.0468 (1.1095), acc: 53.333% (55.757%)
Apr-01 20:37:12.989 - [38550/50000] loss: 1.1969 (1.1133), acc: 50.667% (55.692%)
Apr-01 20:37:21.627 - [38600/50000] loss: 1.2920 (1.1130), acc: 50.667% (55.607%)
Apr-01 20:37:30.729 - [38650/50000] loss: 0.9841 (1.1110), acc: 58.667% (55.657%)
Apr-01 20:37:38.866 - [38700/50000] loss: 1.5077 (1.1120), acc: 36.000% (55.596%)
Apr-01 20:37:47.554 - [38750/50000] loss: 1.2926 (1.1097), acc: 44.000% (55.723%)
Apr-01 20:37:55.757 - [38800/50000] loss: 1.2440 (1.1117), acc: 42.667% (55.555%)
Apr-01 20:38:04.427 - [38850/50000] loss: 1.0948 (1.1105), acc: 52.000% (55.583%)
Apr-01 20:38:12.867 - [38900/50000] loss: 0.9769 (1.1111), acc: 61.333% (55.541%)
Apr-01 20:38:21.178 - [38950/50000] loss: 1.4462 (1.1112), acc: 48.000% (55.530%)
Apr-01 20:38:30.019 - [39000/50000] loss: 0.9634 (1.1100), acc: 61.333% (55.557%)
Apr-01 20:39:08.644 - [39000] Eval (100 episode) - loss: 1.0897 +- 0.1728, acc: 56.213 +- 9.274%
Apr-01 20:39:16.426 - [39050/50000] loss: 1.0347 (1.1421), acc: 60.000% (52.800%)
Apr-01 20:39:26.045 - [39100/50000] loss: 1.1697 (1.1176), acc: 53.333% (54.467%)
Apr-01 20:39:34.630 - [39150/50000] loss: 0.8167 (1.1183), acc: 70.667% (54.996%)
Apr-01 20:39:44.237 - [39200/50000] loss: 0.7433 (1.1156), acc: 77.333% (55.060%)
Apr-01 20:39:53.586 - [39250/50000] loss: 1.0516 (1.1098), acc: 61.333% (55.365%)
Apr-01 20:40:01.820 - [39300/50000] loss: 1.2898 (1.1140), acc: 42.667% (55.156%)
Apr-01 20:40:10.237 - [39350/50000] loss: 0.8810 (1.1140), acc: 69.333% (55.170%)
Apr-01 20:40:18.533 - [39400/50000] loss: 1.1754 (1.1160), acc: 46.667% (55.080%)
Apr-01 20:40:27.573 - [39450/50000] loss: 1.0413 (1.1127), acc: 61.333% (55.271%)
Apr-01 20:40:36.109 - [39500/50000] loss: 1.1989 (1.1156), acc: 62.667% (55.147%)
Apr-01 20:40:45.491 - [39550/50000] loss: 1.2674 (1.1105), acc: 46.667% (55.348%)
Apr-01 20:40:54.195 - [39600/50000] loss: 1.3065 (1.1100), acc: 41.333% (55.336%)
Apr-01 20:41:02.737 - [39650/50000] loss: 0.7128 (1.1127), acc: 78.667% (55.216%)
Apr-01 20:41:12.075 - [39700/50000] loss: 1.0397 (1.1094), acc: 61.333% (55.421%)
Apr-01 20:41:20.788 - [39750/50000] loss: 1.0610 (1.1109), acc: 62.667% (55.380%)
Apr-01 20:41:29.286 - [39800/50000] loss: 1.1370 (1.1126), acc: 56.000% (55.337%)
Apr-01 20:41:38.448 - [39850/50000] loss: 1.0960 (1.1119), acc: 49.333% (55.435%)
Apr-01 20:41:46.273 - [39900/50000] loss: 0.8954 (1.1095), acc: 64.000% (55.545%)
Apr-01 20:41:54.392 - [39950/50000] loss: 1.2272 (1.1099), acc: 49.333% (55.527%)
Apr-01 20:42:02.433 - [40000/50000] loss: 1.0180 (1.1084), acc: 56.000% (55.537%)
Apr-01 20:42:41.590 - [40000] Eval (100 episode) - loss: 1.0690 +- 0.2022, acc: 57.200 +- 9.472%
Apr-01 20:42:50.989 - [40050/50000] loss: 1.0961 (1.0925), acc: 52.000% (56.480%)
Apr-01 20:42:59.584 - [40100/50000] loss: 1.0933 (1.1030), acc: 52.000% (55.933%)
Apr-01 20:43:07.753 - [40150/50000] loss: 1.2538 (1.1279), acc: 50.667% (55.058%)
Apr-01 20:43:16.484 - [40200/50000] loss: 0.8067 (1.1136), acc: 70.667% (55.727%)
Apr-01 20:43:26.310 - [40250/50000] loss: 1.0357 (1.1172), acc: 57.333% (55.397%)
Apr-01 20:43:34.732 - [40300/50000] loss: 0.9073 (1.1087), acc: 66.667% (55.867%)
Apr-01 20:43:43.505 - [40350/50000] loss: 1.0698 (1.1034), acc: 54.667% (56.122%)
Apr-01 20:43:52.293 - [40400/50000] loss: 1.0389 (1.1070), acc: 56.000% (55.917%)
Apr-01 20:44:00.307 - [40450/50000] loss: 1.3019 (1.1119), acc: 44.000% (55.588%)
Apr-01 20:44:09.950 - [40500/50000] loss: 1.4631 (1.1111), acc: 38.667% (55.643%)
Apr-01 20:44:18.230 - [40550/50000] loss: 0.9204 (1.1084), acc: 66.667% (55.712%)
Apr-01 20:44:27.289 - [40600/50000] loss: 0.9362 (1.1064), acc: 65.333% (55.787%)
Apr-01 20:44:36.012 - [40650/50000] loss: 1.0251 (1.1061), acc: 56.000% (55.865%)
Apr-01 20:44:44.625 - [40700/50000] loss: 1.0772 (1.1052), acc: 56.000% (55.903%)
Apr-01 20:44:53.297 - [40750/50000] loss: 0.8496 (1.1073), acc: 70.667% (55.803%)
Apr-01 20:45:01.948 - [40800/50000] loss: 1.2709 (1.1064), acc: 53.333% (55.840%)
Apr-01 20:45:11.404 - [40850/50000] loss: 1.0877 (1.1063), acc: 60.000% (55.827%)
Apr-01 20:45:21.777 - [40900/50000] loss: 1.0109 (1.1084), acc: 58.667% (55.781%)
Apr-01 20:45:30.588 - [40950/50000] loss: 0.9994 (1.1067), acc: 69.333% (55.825%)
Apr-01 20:45:44.319 - [41000/50000] loss: 1.1865 (1.1086), acc: 52.000% (55.741%)
Apr-01 20:46:24.024 - [41000] Eval (100 episode) - loss: 1.1078 +- 0.1938, acc: 55.560 +- 9.417%
Apr-01 20:46:33.638 - [41050/50000] loss: 0.9440 (1.1590), acc: 64.000% (52.560%)
Apr-01 20:46:41.916 - [41100/50000] loss: 1.0574 (1.1307), acc: 57.333% (54.067%)
Apr-01 20:46:50.334 - [41150/50000] loss: 1.1483 (1.1380), acc: 57.333% (53.796%)
Apr-01 20:46:58.544 - [41200/50000] loss: 1.1452 (1.1382), acc: 54.667% (53.827%)
Apr-01 20:47:07.911 - [41250/50000] loss: 1.0891 (1.1274), acc: 57.333% (54.395%)
Apr-01 20:47:17.515 - [41300/50000] loss: 1.0097 (1.1322), acc: 60.000% (54.236%)
Apr-01 20:47:25.688 - [41350/50000] loss: 0.8698 (1.1286), acc: 64.000% (54.392%)
Apr-01 20:47:33.802 - [41400/50000] loss: 1.2673 (1.1277), acc: 49.333% (54.447%)
Apr-01 20:47:41.941 - [41450/50000] loss: 1.1237 (1.1247), acc: 60.000% (54.575%)
Apr-01 20:47:50.311 - [41500/50000] loss: 1.0845 (1.1187), acc: 60.000% (54.920%)
Apr-01 20:47:59.854 - [41550/50000] loss: 0.8422 (1.1180), acc: 69.333% (54.977%)
Apr-01 20:48:08.800 - [41600/50000] loss: 1.1149 (1.1190), acc: 57.333% (55.004%)
Apr-01 20:48:18.115 - [41650/50000] loss: 1.1909 (1.1185), acc: 53.333% (55.077%)
Apr-01 20:48:26.825 - [41700/50000] loss: 1.4555 (1.1200), acc: 45.333% (55.019%)
Apr-01 20:48:35.663 - [41750/50000] loss: 1.1804 (1.1182), acc: 48.000% (55.116%)
Apr-01 20:48:44.923 - [41800/50000] loss: 1.2011 (1.1193), acc: 49.333% (55.092%)
Apr-01 20:48:53.649 - [41850/50000] loss: 1.2025 (1.1182), acc: 54.667% (55.123%)
Apr-01 20:49:02.589 - [41900/50000] loss: 1.0888 (1.1173), acc: 56.000% (55.193%)
Apr-01 20:49:12.001 - [41950/50000] loss: 1.1942 (1.1142), acc: 49.333% (55.297%)
Apr-01 20:49:21.542 - [42000/50000] loss: 1.1455 (1.1119), acc: 58.667% (55.407%)
Apr-01 20:49:58.559 - [42000] Eval (100 episode) - loss: 1.0745 +- 0.1825, acc: 56.093 +- 9.498%
Apr-01 20:50:06.965 - [42050/50000] loss: 1.3109 (1.1351), acc: 48.000% (54.720%)
Apr-01 20:50:14.842 - [42100/50000] loss: 1.0540 (1.1019), acc: 69.333% (56.053%)
Apr-01 20:50:23.057 - [42150/50000] loss: 0.8992 (1.1133), acc: 68.000% (55.600%)
Apr-01 20:50:31.432 - [42200/50000] loss: 1.0694 (1.1053), acc: 53.333% (55.960%)
Apr-01 20:50:39.699 - [42250/50000] loss: 1.4245 (1.0987), acc: 36.000% (56.480%)
Apr-01 20:50:48.254 - [42300/50000] loss: 1.1226 (1.0930), acc: 45.333% (56.533%)
Apr-01 20:50:56.064 - [42350/50000] loss: 1.2001 (1.0959), acc: 52.000% (56.248%)
Apr-01 20:51:04.720 - [42400/50000] loss: 1.3227 (1.0979), acc: 37.333% (56.087%)
Apr-01 20:51:12.913 - [42450/50000] loss: 1.1738 (1.0977), acc: 46.667% (56.024%)
Apr-01 20:51:21.360 - [42500/50000] loss: 1.3681 (1.0941), acc: 42.667% (56.221%)
Apr-01 20:51:30.591 - [42550/50000] loss: 1.4755 (1.0940), acc: 36.000% (56.320%)
Apr-01 20:51:38.798 - [42600/50000] loss: 0.9121 (1.0923), acc: 70.667% (56.398%)
Apr-01 20:51:47.930 - [42650/50000] loss: 1.0850 (1.0908), acc: 58.667% (56.494%)
Apr-01 20:51:56.387 - [42700/50000] loss: 1.0391 (1.0884), acc: 54.667% (56.560%)
Apr-01 20:52:04.732 - [42750/50000] loss: 0.7221 (1.0916), acc: 77.333% (56.404%)
Apr-01 20:52:13.907 - [42800/50000] loss: 1.1834 (1.0901), acc: 60.000% (56.450%)
Apr-01 20:52:22.610 - [42850/50000] loss: 1.2263 (1.0899), acc: 52.000% (56.496%)
Apr-01 20:52:31.329 - [42900/50000] loss: 1.1676 (1.0913), acc: 50.667% (56.381%)
Apr-01 20:52:40.454 - [42950/50000] loss: 0.9459 (1.0935), acc: 64.000% (56.269%)
Apr-01 20:52:49.250 - [43000/50000] loss: 1.1182 (1.0948), acc: 58.667% (56.185%)
Apr-01 20:53:30.482 - [43000] Eval (100 episode) - loss: 1.0422 +- 0.1864, acc: 57.307 +- 9.426%
Apr-01 20:53:38.056 - [43050/50000] loss: 1.2579 (1.0825), acc: 48.000% (57.653%)
Apr-01 20:53:46.979 - [43100/50000] loss: 1.0993 (1.0956), acc: 56.000% (56.733%)
Apr-01 20:53:55.207 - [43150/50000] loss: 1.4910 (1.1084), acc: 29.333% (55.751%)
Apr-01 20:54:04.010 - [43200/50000] loss: 1.0940 (1.1115), acc: 58.667% (55.660%)
Apr-01 20:54:12.747 - [43250/50000] loss: 1.1495 (1.1020), acc: 52.000% (55.984%)
Apr-01 20:54:21.633 - [43300/50000] loss: 1.1619 (1.1030), acc: 50.667% (56.000%)
Apr-01 20:54:30.212 - [43350/50000] loss: 1.2787 (1.1036), acc: 49.333% (55.886%)
Apr-01 20:54:38.343 - [43400/50000] loss: 1.1805 (1.0992), acc: 57.333% (56.003%)
Apr-01 20:54:46.644 - [43450/50000] loss: 1.1808 (1.1038), acc: 44.000% (55.636%)
Apr-01 20:54:55.507 - [43500/50000] loss: 0.8894 (1.0983), acc: 69.333% (55.875%)
Apr-01 20:55:04.081 - [43550/50000] loss: 0.9457 (1.0988), acc: 69.333% (55.942%)
Apr-01 20:55:12.069 - [43600/50000] loss: 1.1139 (1.1021), acc: 58.667% (55.749%)
Apr-01 20:55:20.521 - [43650/50000] loss: 1.4110 (1.1032), acc: 44.000% (55.772%)
Apr-01 20:55:28.205 - [43700/50000] loss: 0.6830 (1.1030), acc: 73.333% (55.808%)
Apr-01 20:55:36.656 - [43750/50000] loss: 1.1592 (1.1032), acc: 56.000% (55.865%)
Apr-01 20:55:45.006 - [43800/50000] loss: 1.2510 (1.1034), acc: 45.333% (55.837%)
Apr-01 20:55:53.361 - [43850/50000] loss: 0.8975 (1.1010), acc: 64.000% (55.942%)
Apr-01 20:56:01.460 - [43900/50000] loss: 0.8144 (1.1046), acc: 64.000% (55.772%)
Apr-01 20:56:09.561 - [43950/50000] loss: 1.2969 (1.1032), acc: 48.000% (55.795%)
Apr-01 20:56:17.402 - [44000/50000] loss: 1.0255 (1.1030), acc: 54.667% (55.811%)
Apr-01 20:56:55.595 - [44000] Eval (100 episode) - loss: 1.0463 +- 0.1660, acc: 57.253 +- 8.966%
Apr-01 20:57:03.418 - [44050/50000] loss: 1.1065 (1.1035), acc: 49.333% (54.533%)
Apr-01 20:57:12.442 - [44100/50000] loss: 1.0904 (1.0993), acc: 58.667% (55.560%)
Apr-01 20:57:20.374 - [44150/50000] loss: 0.9049 (1.1007), acc: 66.667% (55.733%)
Apr-01 20:57:28.579 - [44200/50000] loss: 1.1992 (1.1073), acc: 48.000% (55.427%)
Apr-01 20:57:36.424 - [44250/50000] loss: 1.0051 (1.1107), acc: 56.000% (55.083%)
Apr-01 20:57:44.710 - [44300/50000] loss: 0.8396 (1.1136), acc: 62.667% (55.107%)
Apr-01 20:57:53.042 - [44350/50000] loss: 0.7867 (1.1128), acc: 66.667% (55.246%)
Apr-01 20:58:00.771 - [44400/50000] loss: 1.1100 (1.1171), acc: 53.333% (55.103%)
Apr-01 20:58:09.212 - [44450/50000] loss: 1.3511 (1.1167), acc: 42.667% (55.176%)
Apr-01 20:58:17.487 - [44500/50000] loss: 1.1169 (1.1143), acc: 49.333% (55.328%)
Apr-01 20:58:25.700 - [44550/50000] loss: 0.7235 (1.1116), acc: 77.333% (55.556%)
Apr-01 20:58:33.867 - [44600/50000] loss: 1.1265 (1.1066), acc: 62.667% (55.798%)
Apr-01 20:58:42.222 - [44650/50000] loss: 0.9931 (1.1069), acc: 61.333% (55.778%)
Apr-01 20:58:51.327 - [44700/50000] loss: 1.0207 (1.1061), acc: 56.000% (55.844%)
Apr-01 20:59:00.594 - [44750/50000] loss: 1.1890 (1.1047), acc: 54.667% (55.883%)
Apr-01 20:59:09.550 - [44800/50000] loss: 1.4828 (1.1066), acc: 44.000% (55.882%)
Apr-01 20:59:18.606 - [44850/50000] loss: 0.8250 (1.1077), acc: 76.000% (55.809%)
Apr-01 20:59:26.958 - [44900/50000] loss: 1.1202 (1.1066), acc: 61.333% (55.846%)
Apr-01 20:59:35.511 - [44950/50000] loss: 1.3304 (1.1061), acc: 48.000% (55.847%)
Apr-01 20:59:43.620 - [45000/50000] loss: 1.0507 (1.1069), acc: 61.333% (55.812%)
Apr-01 21:00:21.741 - [45000] Eval (100 episode) - loss: 1.0279 +- 0.1575, acc: 58.573 +- 8.456%
Apr-01 21:00:29.501 - [45050/50000] loss: 1.0173 (1.0702), acc: 57.333% (57.920%)
Apr-01 21:00:37.875 - [45100/50000] loss: 1.3128 (1.0987), acc: 48.000% (56.493%)
Apr-01 21:00:46.088 - [45150/50000] loss: 1.0368 (1.1015), acc: 57.333% (56.276%)
Apr-01 21:00:54.225 - [45200/50000] loss: 0.9535 (1.1013), acc: 69.333% (56.187%)
Apr-01 21:01:01.975 - [45250/50000] loss: 0.8782 (1.1079), acc: 64.000% (55.893%)
Apr-01 21:01:10.714 - [45300/50000] loss: 0.8906 (1.1059), acc: 64.000% (55.884%)
Apr-01 21:01:19.207 - [45350/50000] loss: 1.4328 (1.1042), acc: 45.333% (55.970%)
Apr-01 21:01:27.929 - [45400/50000] loss: 1.4213 (1.1003), acc: 45.333% (56.157%)
Apr-01 21:01:36.669 - [45450/50000] loss: 0.9667 (1.1007), acc: 62.667% (56.187%)
Apr-01 21:01:44.603 - [45500/50000] loss: 1.0802 (1.0995), acc: 54.667% (56.203%)
Apr-01 21:01:53.595 - [45550/50000] loss: 1.2067 (1.0980), acc: 53.333% (56.274%)
Apr-01 21:02:01.801 - [45600/50000] loss: 1.0108 (1.1006), acc: 61.333% (56.167%)
Apr-01 21:02:09.966 - [45650/50000] loss: 1.3014 (1.1004), acc: 41.333% (56.144%)
Apr-01 21:02:18.673 - [45700/50000] loss: 1.1314 (1.1004), acc: 57.333% (56.147%)
Apr-01 21:02:27.245 - [45750/50000] loss: 0.9328 (1.0985), acc: 69.333% (56.146%)
Apr-01 21:02:36.315 - [45800/50000] loss: 0.9905 (1.0996), acc: 60.000% (56.133%)
Apr-01 21:02:44.753 - [45850/50000] loss: 0.8978 (1.1019), acc: 69.333% (56.014%)
Apr-01 21:02:53.204 - [45900/50000] loss: 0.8031 (1.1000), acc: 69.333% (56.089%)
Apr-01 21:03:01.163 - [45950/50000] loss: 1.0734 (1.0978), acc: 52.000% (56.251%)
Apr-01 21:03:09.930 - [46000/50000] loss: 0.9074 (1.0947), acc: 64.000% (56.389%)
Apr-01 21:03:49.275 - [46000] Eval (100 episode) - loss: 1.0528 +- 0.2192, acc: 57.493 +- 10.560%
Apr-01 21:03:57.052 - [46050/50000] loss: 1.0542 (1.0652), acc: 57.333% (57.573%)
Apr-01 21:04:05.803 - [46100/50000] loss: 0.9124 (1.0570), acc: 64.000% (57.427%)
Apr-01 21:04:14.553 - [46150/50000] loss: 1.2452 (1.0768), acc: 50.667% (56.756%)
Apr-01 21:04:22.558 - [46200/50000] loss: 1.3542 (1.0818), acc: 42.667% (56.660%)
Apr-01 21:04:30.781 - [46250/50000] loss: 0.9802 (1.0911), acc: 62.667% (56.235%)
Apr-01 21:04:39.570 - [46300/50000] loss: 1.6224 (1.0886), acc: 41.333% (56.436%)
Apr-01 21:04:48.826 - [46350/50000] loss: 0.9540 (1.0908), acc: 68.000% (56.362%)
Apr-01 21:04:57.201 - [46400/50000] loss: 1.0970 (1.0887), acc: 62.667% (56.540%)
Apr-01 21:05:05.651 - [46450/50000] loss: 1.1639 (1.0890), acc: 49.333% (56.498%)
Apr-01 21:05:13.666 - [46500/50000] loss: 1.2821 (1.0920), acc: 40.000% (56.339%)
Apr-01 21:05:22.233 - [46550/50000] loss: 1.3948 (1.0892), acc: 41.333% (56.495%)
Apr-01 21:05:31.021 - [46600/50000] loss: 0.8476 (1.0889), acc: 69.333% (56.458%)
Apr-01 21:05:39.647 - [46650/50000] loss: 1.3190 (1.0914), acc: 45.333% (56.375%)
Apr-01 21:05:47.857 - [46700/50000] loss: 1.1952 (1.0933), acc: 42.667% (56.335%)
Apr-01 21:05:56.330 - [46750/50000] loss: 0.8148 (1.0927), acc: 68.000% (56.331%)
Apr-01 21:06:04.465 - [46800/50000] loss: 1.1439 (1.0954), acc: 54.667% (56.253%)
Apr-01 21:06:12.909 - [46850/50000] loss: 1.0951 (1.0950), acc: 60.000% (56.262%)
Apr-01 21:06:20.782 - [46900/50000] loss: 1.0854 (1.0953), acc: 54.667% (56.265%)
Apr-01 21:06:29.007 - [46950/50000] loss: 0.8375 (1.0974), acc: 66.667% (56.164%)
Apr-01 21:06:37.764 - [47000/50000] loss: 0.8766 (1.0965), acc: 69.333% (56.207%)
Apr-01 21:07:18.058 - [47000] Eval (100 episode) - loss: 1.0547 +- 0.1820, acc: 58.053 +- 8.555%
Apr-01 21:07:26.138 - [47050/50000] loss: 1.3990 (1.0920), acc: 49.333% (57.520%)
Apr-01 21:07:34.740 - [47100/50000] loss: 1.2283 (1.1011), acc: 42.667% (56.907%)
Apr-01 21:07:44.486 - [47150/50000] loss: 1.2193 (1.1161), acc: 48.000% (55.876%)
Apr-01 21:07:53.145 - [47200/50000] loss: 1.1327 (1.0960), acc: 45.333% (56.587%)
Apr-01 21:08:02.096 - [47250/50000] loss: 1.0335 (1.1068), acc: 54.667% (56.133%)
Apr-01 21:08:11.191 - [47300/50000] loss: 1.1820 (1.1027), acc: 48.000% (56.356%)
Apr-01 21:08:19.897 - [47350/50000] loss: 1.2103 (1.1102), acc: 50.667% (55.966%)
Apr-01 21:08:27.998 - [47400/50000] loss: 1.2410 (1.1129), acc: 52.000% (55.847%)
Apr-01 21:08:36.597 - [47450/50000] loss: 0.7552 (1.1092), acc: 72.000% (55.994%)
Apr-01 21:08:44.732 - [47500/50000] loss: 0.9537 (1.1139), acc: 60.000% (55.752%)
Apr-01 21:08:53.661 - [47550/50000] loss: 1.2907 (1.1163), acc: 49.333% (55.554%)
Apr-01 21:09:02.118 - [47600/50000] loss: 1.2238 (1.1160), acc: 49.333% (55.527%)
Apr-01 21:09:11.075 - [47650/50000] loss: 0.9385 (1.1144), acc: 61.333% (55.534%)
Apr-01 21:09:20.524 - [47700/50000] loss: 1.3356 (1.1132), acc: 45.333% (55.533%)
Apr-01 21:09:30.253 - [47750/50000] loss: 0.8429 (1.1133), acc: 69.333% (55.477%)
Apr-01 21:09:39.011 - [47800/50000] loss: 0.8291 (1.1133), acc: 68.000% (55.438%)
Apr-01 21:09:47.473 - [47850/50000] loss: 1.0171 (1.1122), acc: 60.000% (55.451%)
Apr-01 21:09:55.708 - [47900/50000] loss: 1.1624 (1.1138), acc: 53.333% (55.373%)
Apr-01 21:10:04.122 - [47950/50000] loss: 1.1755 (1.1150), acc: 54.667% (55.364%)
Apr-01 21:10:12.443 - [48000/50000] loss: 1.0876 (1.1150), acc: 56.000% (55.324%)
Apr-01 21:10:53.211 - [48000] Eval (100 episode) - loss: 1.0697 +- 0.1789, acc: 57.227 +- 8.589%
Apr-01 21:11:03.244 - [48050/50000] loss: 0.9262 (1.1128), acc: 61.333% (55.253%)
Apr-01 21:11:11.406 - [48100/50000] loss: 1.2626 (1.1002), acc: 42.667% (55.373%)
Apr-01 21:11:20.167 - [48150/50000] loss: 0.9753 (1.0960), acc: 53.333% (55.680%)
Apr-01 21:11:30.824 - [48200/50000] loss: 0.7345 (1.0982), acc: 69.333% (55.640%)
Apr-01 21:11:40.750 - [48250/50000] loss: 0.9170 (1.1028), acc: 69.333% (55.627%)
Apr-01 21:11:49.275 - [48300/50000] loss: 1.2560 (1.0954), acc: 54.667% (56.004%)
Apr-01 21:11:58.227 - [48350/50000] loss: 0.9895 (1.0950), acc: 65.333% (56.053%)
Apr-01 21:12:06.540 - [48400/50000] loss: 0.8451 (1.0913), acc: 57.333% (56.273%)
Apr-01 21:12:15.830 - [48450/50000] loss: 0.7725 (1.0935), acc: 73.333% (56.193%)
Apr-01 21:12:24.501 - [48500/50000] loss: 1.0564 (1.0919), acc: 62.667% (56.304%)
Apr-01 21:12:33.484 - [48550/50000] loss: 1.0178 (1.0915), acc: 60.000% (56.315%)
Apr-01 21:12:42.513 - [48600/50000] loss: 1.1799 (1.0957), acc: 54.667% (56.078%)
Apr-01 21:12:51.173 - [48650/50000] loss: 1.2728 (1.1019), acc: 44.000% (55.764%)
Apr-01 21:12:59.914 - [48700/50000] loss: 0.9839 (1.1070), acc: 69.333% (55.625%)
Apr-01 21:13:09.353 - [48750/50000] loss: 1.1442 (1.1091), acc: 52.000% (55.548%)
Apr-01 21:13:18.868 - [48800/50000] loss: 1.5559 (1.1082), acc: 36.000% (55.610%)
Apr-01 21:13:28.173 - [48850/50000] loss: 1.0854 (1.1096), acc: 54.667% (55.536%)
Apr-01 21:13:36.827 - [48900/50000] loss: 1.4948 (1.1079), acc: 40.000% (55.584%)
Apr-01 21:13:45.820 - [48950/50000] loss: 1.3788 (1.1078), acc: 36.000% (55.590%)
Apr-01 21:13:54.984 - [49000/50000] loss: 1.1858 (1.1088), acc: 56.000% (55.535%)
Apr-01 21:14:30.690 - [49000] Eval (100 episode) - loss: 1.0642 +- 0.2121, acc: 56.707 +- 10.420%
Apr-01 21:14:38.885 - [49050/50000] loss: 1.0539 (1.1077), acc: 57.333% (55.840%)
Apr-01 21:14:48.102 - [49100/50000] loss: 0.9420 (1.0894), acc: 56.000% (56.307%)
Apr-01 21:14:56.934 - [49150/50000] loss: 1.0787 (1.1024), acc: 54.667% (55.849%)
Apr-01 21:15:05.213 - [49200/50000] loss: 1.0783 (1.1057), acc: 54.667% (55.760%)
Apr-01 21:15:14.274 - [49250/50000] loss: 0.9990 (1.1060), acc: 61.333% (55.664%)
Apr-01 21:15:23.184 - [49300/50000] loss: 1.1811 (1.1144), acc: 54.667% (55.173%)
Apr-01 21:15:31.326 - [49350/50000] loss: 0.9764 (1.1225), acc: 64.000% (54.781%)
Apr-01 21:15:39.480 - [49400/50000] loss: 1.2777 (1.1143), acc: 44.000% (55.133%)
Apr-01 21:15:51.422 - [49450/50000] loss: 0.9934 (1.1110), acc: 60.000% (55.283%)
Apr-01 21:16:07.571 - [49500/50000] loss: 1.0049 (1.1133), acc: 60.000% (55.141%)
Apr-01 21:16:16.859 - [49550/50000] loss: 0.9611 (1.1130), acc: 65.333% (55.224%)
Apr-01 21:16:26.111 - [49600/50000] loss: 1.0970 (1.1134), acc: 60.000% (55.171%)
Apr-01 21:16:35.658 - [49650/50000] loss: 1.1371 (1.1105), acc: 58.667% (55.317%)
Apr-01 21:16:44.611 - [49700/50000] loss: 1.1573 (1.1090), acc: 48.000% (55.410%)
Apr-01 21:16:53.395 - [49750/50000] loss: 1.2038 (1.1098), acc: 45.333% (55.344%)
Apr-01 21:17:01.805 - [49800/50000] loss: 0.8992 (1.1090), acc: 72.000% (55.393%)
Apr-01 21:17:10.147 - [49850/50000] loss: 1.0439 (1.1073), acc: 54.667% (55.435%)
Apr-01 21:17:18.765 - [49900/50000] loss: 1.0070 (1.1028), acc: 60.000% (55.627%)
Apr-01 21:17:27.111 - [49950/50000] loss: 1.2441 (1.1057), acc: 42.667% (55.484%)
Apr-01 21:17:35.474 - Done
