May-06 18:50:46.882 - Logger created at logs-66/console.log
May-06 18:50:46.882 - Random Seed: 66
May-06 18:51:07.266 - Start training
May-06 18:51:48.010 - [  100/50000] loss: 1.5923 (1.6384), acc: 22.667% (20.647%)
May-06 18:52:18.286 - [  200/50000] loss: 1.5988 (1.6035), acc: 29.333% (24.312%)
May-06 18:52:47.139 - [  300/50000] loss: 1.6073 (1.5744), acc: 34.667% (27.039%)
May-06 18:53:11.842 - [  400/50000] loss: 1.3031 (1.5578), acc: 50.667% (28.559%)
May-06 18:53:33.981 - [  500/50000] loss: 1.3793 (1.5459), acc: 40.000% (29.517%)
May-06 18:53:56.532 - [  600/50000] loss: 1.6974 (1.5371), acc: 21.333% (30.325%)
May-06 18:54:20.265 - [  700/50000] loss: 1.3335 (1.5302), acc: 45.333% (31.076%)
May-06 18:54:41.835 - [  800/50000] loss: 1.6329 (1.5245), acc: 21.333% (31.607%)
May-06 18:55:03.253 - [  900/50000] loss: 1.4981 (1.5178), acc: 33.333% (32.181%)
May-06 18:55:24.131 - [ 1000/50000] loss: 1.4115 (1.5100), acc: 40.000% (32.883%)
May-06 18:57:50.259 - [ 1000] Eval (100 episode) - loss: 1.4586 +- 0.1049, acc: 38.360 +- 8.680%
May-06 18:57:50.262 - * Best accuracy so far *

May-06 18:58:10.143 - [ 1100/50000] loss: 1.3448 (1.4654), acc: 41.333% (36.867%)
May-06 18:58:30.280 - [ 1200/50000] loss: 1.5870 (1.4710), acc: 30.667% (36.427%)
May-06 18:58:50.057 - [ 1300/50000] loss: 1.6927 (1.4646), acc: 21.333% (36.809%)
May-06 18:59:08.936 - [ 1400/50000] loss: 1.4511 (1.4584), acc: 38.667% (37.327%)
May-06 18:59:28.014 - [ 1500/50000] loss: 1.5148 (1.4533), acc: 38.667% (37.664%)
May-06 18:59:47.912 - [ 1600/50000] loss: 1.4109 (1.4452), acc: 34.667% (38.073%)
May-06 19:00:07.348 - [ 1700/50000] loss: 1.3582 (1.4413), acc: 45.333% (38.232%)
May-06 19:00:27.223 - [ 1800/50000] loss: 1.6811 (1.4402), acc: 26.667% (38.258%)
May-06 19:00:48.345 - [ 1900/50000] loss: 1.5914 (1.4375), acc: 28.000% (38.440%)
May-06 19:01:07.658 - [ 2000/50000] loss: 1.3699 (1.4374), acc: 42.667% (38.488%)
May-06 19:02:57.659 - [ 2000] Eval (100 episode) - loss: 1.4165 +- 0.0896, acc: 40.320 +- 8.389%
May-06 19:02:57.661 - * Best accuracy so far *

May-06 19:03:33.282 - [ 2100/50000] loss: 1.3916 (1.4080), acc: 44.000% (40.440%)
May-06 19:03:54.394 - [ 2200/50000] loss: 1.5036 (1.4082), acc: 42.667% (40.647%)
May-06 19:04:14.740 - [ 2300/50000] loss: 1.6114 (1.3937), acc: 28.000% (41.351%)
May-06 19:04:34.501 - [ 2400/50000] loss: 1.2443 (1.3921), acc: 46.667% (41.343%)
May-06 19:04:54.512 - [ 2500/50000] loss: 1.2561 (1.3910), acc: 41.333% (41.568%)
May-06 19:05:14.615 - [ 2600/50000] loss: 1.3821 (1.3908), acc: 46.667% (41.680%)
May-06 19:05:34.356 - [ 2700/50000] loss: 1.5016 (1.3901), acc: 37.333% (41.749%)
May-06 19:05:53.818 - [ 2800/50000] loss: 1.5095 (1.3897), acc: 25.333% (41.785%)
May-06 19:06:13.624 - [ 2900/50000] loss: 1.4026 (1.3886), acc: 42.667% (41.723%)
May-06 19:06:34.585 - [ 3000/50000] loss: 1.6278 (1.3857), acc: 26.667% (41.881%)
May-06 19:07:29.503 - [ 3000] Eval (100 episode) - loss: 1.3342 +- 0.1309, acc: 45.253 +- 8.731%
May-06 19:07:29.505 - * Best accuracy so far *

May-06 19:07:49.622 - [ 3100/50000] loss: 1.1937 (1.3639), acc: 53.333% (42.747%)
May-06 19:08:09.222 - [ 3200/50000] loss: 1.1634 (1.3627), acc: 57.333% (43.300%)
May-06 19:08:28.883 - [ 3300/50000] loss: 1.3235 (1.3562), acc: 48.000% (43.787%)
May-06 19:08:48.812 - [ 3400/50000] loss: 1.3934 (1.3579), acc: 42.667% (43.790%)
May-06 19:09:08.726 - [ 3500/50000] loss: 1.3728 (1.3470), acc: 33.333% (44.237%)
May-06 19:09:27.797 - [ 3600/50000] loss: 1.0857 (1.3469), acc: 64.000% (44.271%)
May-06 19:09:47.305 - [ 3700/50000] loss: 1.3006 (1.3506), acc: 42.667% (44.015%)
May-06 19:10:07.040 - [ 3800/50000] loss: 1.2533 (1.3497), acc: 38.667% (44.187%)
May-06 19:10:26.632 - [ 3900/50000] loss: 1.4500 (1.3491), acc: 33.333% (44.194%)
May-06 19:10:46.137 - [ 4000/50000] loss: 1.0359 (1.3454), acc: 62.667% (44.365%)
May-06 19:11:28.464 - [ 4000] Eval (100 episode) - loss: 1.2969 +- 0.1313, acc: 47.000 +- 8.248%
May-06 19:11:28.466 - * Best accuracy so far *

May-06 19:11:48.928 - [ 4100/50000] loss: 1.3138 (1.3080), acc: 41.333% (46.067%)
May-06 19:12:07.900 - [ 4200/50000] loss: 1.1516 (1.3166), acc: 50.667% (45.353%)
May-06 19:12:27.399 - [ 4300/50000] loss: 1.4631 (1.3198), acc: 40.000% (45.280%)
May-06 19:12:46.792 - [ 4400/50000] loss: 1.1338 (1.3243), acc: 60.000% (45.157%)
May-06 19:13:05.665 - [ 4500/50000] loss: 1.3840 (1.3240), acc: 38.667% (45.187%)
May-06 19:13:25.744 - [ 4600/50000] loss: 1.3863 (1.3204), acc: 42.667% (45.389%)
May-06 19:13:45.104 - [ 4700/50000] loss: 1.1876 (1.3217), acc: 56.000% (45.316%)
May-06 19:14:07.620 - [ 4800/50000] loss: 1.6922 (1.3217), acc: 24.000% (45.370%)
May-06 19:14:27.054 - [ 4900/50000] loss: 1.3234 (1.3192), acc: 36.000% (45.511%)
May-06 19:14:46.885 - [ 5000/50000] loss: 1.2028 (1.3187), acc: 58.667% (45.505%)
May-06 19:15:26.506 - [ 5000] Eval (100 episode) - loss: 1.2567 +- 0.1349, acc: 48.413 +- 8.307%
May-06 19:15:26.510 - * Best accuracy so far *

May-06 19:15:45.419 - [ 5100/50000] loss: 1.0964 (1.3101), acc: 58.667% (46.360%)
May-06 19:16:05.530 - [ 5200/50000] loss: 1.3699 (1.2935), acc: 42.667% (47.240%)
May-06 19:16:24.979 - [ 5300/50000] loss: 1.3492 (1.2850), acc: 48.000% (47.764%)
May-06 19:16:44.910 - [ 5400/50000] loss: 1.4601 (1.2875), acc: 36.000% (47.593%)
May-06 19:17:04.858 - [ 5500/50000] loss: 1.2407 (1.2922), acc: 54.667% (47.176%)
May-06 19:17:24.590 - [ 5600/50000] loss: 1.4451 (1.2918), acc: 33.333% (47.118%)
May-06 19:17:45.233 - [ 5700/50000] loss: 1.4953 (1.2923), acc: 37.333% (47.017%)
May-06 19:18:05.656 - [ 5800/50000] loss: 1.2139 (1.2908), acc: 57.333% (47.093%)
May-06 19:18:26.049 - [ 5900/50000] loss: 1.0659 (1.2891), acc: 60.000% (47.126%)
May-06 19:18:45.766 - [ 6000/50000] loss: 1.3152 (1.2844), acc: 45.333% (47.344%)
May-06 19:19:22.361 - [ 6000] Eval (100 episode) - loss: 1.2265 +- 0.1521, acc: 50.400 +- 8.320%
May-06 19:19:22.365 - * Best accuracy so far *

May-06 19:19:41.195 - [ 6100/50000] loss: 1.3380 (1.2949), acc: 37.333% (46.387%)
May-06 19:20:01.476 - [ 6200/50000] loss: 1.1727 (1.2885), acc: 52.000% (46.920%)
May-06 19:20:20.921 - [ 6300/50000] loss: 1.2708 (1.2812), acc: 53.333% (47.449%)
May-06 19:20:41.998 - [ 6400/50000] loss: 1.2546 (1.2810), acc: 45.333% (47.447%)
May-06 19:21:00.458 - [ 6500/50000] loss: 1.0337 (1.2782), acc: 60.000% (47.541%)
May-06 19:21:20.812 - [ 6600/50000] loss: 1.2732 (1.2757), acc: 42.667% (47.662%)
May-06 19:21:40.387 - [ 6700/50000] loss: 1.1910 (1.2728), acc: 54.667% (47.754%)
May-06 19:22:01.071 - [ 6800/50000] loss: 1.3263 (1.2700), acc: 41.333% (47.835%)
May-06 19:22:21.510 - [ 6900/50000] loss: 1.0292 (1.2718), acc: 61.333% (47.815%)
May-06 19:22:42.656 - [ 7000/50000] loss: 1.3623 (1.2722), acc: 45.333% (47.765%)
May-06 19:23:18.865 - [ 7000] Eval (100 episode) - loss: 1.2187 +- 0.1248, acc: 50.613 +- 7.371%
May-06 19:23:18.867 - * Best accuracy so far *

May-06 19:23:37.937 - [ 7100/50000] loss: 1.1231 (1.2499), acc: 57.333% (49.427%)
May-06 19:23:57.575 - [ 7200/50000] loss: 1.2207 (1.2504), acc: 44.000% (49.093%)
May-06 19:24:16.764 - [ 7300/50000] loss: 1.1309 (1.2487), acc: 61.333% (49.187%)
May-06 19:24:35.566 - [ 7400/50000] loss: 1.4209 (1.2520), acc: 44.000% (48.887%)
May-06 19:24:54.597 - [ 7500/50000] loss: 1.3422 (1.2578), acc: 45.333% (48.693%)
May-06 19:25:13.608 - [ 7600/50000] loss: 1.2417 (1.2569), acc: 41.333% (48.671%)
May-06 19:25:33.114 - [ 7700/50000] loss: 1.2169 (1.2552), acc: 50.667% (48.758%)
May-06 19:25:52.254 - [ 7800/50000] loss: 1.0330 (1.2541), acc: 54.667% (48.847%)
May-06 19:26:11.902 - [ 7900/50000] loss: 1.2560 (1.2562), acc: 53.333% (48.716%)
May-06 19:26:31.838 - [ 8000/50000] loss: 1.1549 (1.2578), acc: 53.333% (48.667%)
May-06 19:27:07.328 - [ 8000] Eval (100 episode) - loss: 1.1998 +- 0.1630, acc: 50.573 +- 9.079%
May-06 19:27:25.909 - [ 8100/50000] loss: 1.2220 (1.2429), acc: 50.667% (48.640%)
May-06 19:27:45.635 - [ 8200/50000] loss: 1.5202 (1.2385), acc: 40.000% (49.027%)
May-06 19:28:05.282 - [ 8300/50000] loss: 1.2203 (1.2297), acc: 46.667% (49.249%)
May-06 19:28:26.840 - [ 8400/50000] loss: 1.2680 (1.2307), acc: 50.667% (49.600%)
May-06 19:28:46.246 - [ 8500/50000] loss: 1.0829 (1.2312), acc: 60.000% (49.592%)
May-06 19:29:05.769 - [ 8600/50000] loss: 1.2599 (1.2296), acc: 56.000% (49.684%)
May-06 19:29:26.095 - [ 8700/50000] loss: 1.1249 (1.2275), acc: 54.667% (49.918%)
May-06 19:29:45.685 - [ 8800/50000] loss: 1.6359 (1.2281), acc: 32.000% (49.960%)
May-06 19:30:06.093 - [ 8900/50000] loss: 1.4714 (1.2301), acc: 32.000% (49.836%)
May-06 19:30:25.442 - [ 9000/50000] loss: 1.2686 (1.2329), acc: 46.667% (49.696%)
May-06 19:31:00.439 - [ 9000] Eval (100 episode) - loss: 1.1487 +- 0.1770, acc: 53.840 +- 9.467%
May-06 19:31:00.441 - * Best accuracy so far *

May-06 19:31:19.407 - [ 9100/50000] loss: 1.1339 (1.2205), acc: 50.667% (50.053%)
May-06 19:31:39.310 - [ 9200/50000] loss: 1.1916 (1.2142), acc: 53.333% (50.387%)
May-06 19:31:58.929 - [ 9300/50000] loss: 1.0646 (1.2166), acc: 60.000% (50.342%)
May-06 19:32:18.625 - [ 9400/50000] loss: 1.0884 (1.2228), acc: 54.667% (50.283%)
May-06 19:32:38.822 - [ 9500/50000] loss: 1.4013 (1.2238), acc: 34.667% (50.131%)
May-06 19:32:58.682 - [ 9600/50000] loss: 1.4319 (1.2218), acc: 38.667% (50.220%)
May-06 19:33:18.924 - [ 9700/50000] loss: 1.2840 (1.2239), acc: 49.333% (50.187%)
May-06 19:33:38.844 - [ 9800/50000] loss: 1.3747 (1.2227), acc: 40.000% (50.258%)
May-06 19:33:58.772 - [ 9900/50000] loss: 1.0980 (1.2231), acc: 57.333% (50.233%)
May-06 19:34:18.466 - [10000/50000] loss: 1.0346 (1.2255), acc: 54.667% (50.171%)
May-06 19:34:52.222 - [10000] Eval (100 episode) - loss: 1.1518 +- 0.1531, acc: 53.507 +- 8.830%
May-06 19:35:10.841 - [10100/50000] loss: 1.1988 (1.1978), acc: 49.333% (51.307%)
May-06 19:35:30.348 - [10200/50000] loss: 1.4617 (1.2035), acc: 34.667% (51.213%)
May-06 19:35:49.954 - [10300/50000] loss: 1.1037 (1.2063), acc: 60.000% (51.049%)
May-06 19:36:09.736 - [10400/50000] loss: 1.2048 (1.2074), acc: 56.000% (50.867%)
May-06 19:36:28.891 - [10500/50000] loss: 1.1620 (1.2072), acc: 62.667% (50.896%)
May-06 19:36:49.578 - [10600/50000] loss: 1.2157 (1.2082), acc: 53.333% (50.882%)
May-06 19:37:08.829 - [10700/50000] loss: 1.0011 (1.2089), acc: 62.667% (50.933%)
May-06 19:37:29.101 - [10800/50000] loss: 1.1327 (1.2062), acc: 56.000% (51.083%)
May-06 19:37:48.047 - [10900/50000] loss: 1.2871 (1.2056), acc: 45.333% (51.104%)
May-06 19:38:07.775 - [11000/50000] loss: 1.2404 (1.2078), acc: 45.333% (50.951%)
May-06 19:38:44.836 - [11000] Eval (100 episode) - loss: 1.1511 +- 0.1653, acc: 54.120 +- 8.766%
May-06 19:38:44.839 - * Best accuracy so far *

May-06 19:39:04.536 - [11100/50000] loss: 1.2636 (1.1925), acc: 52.000% (51.440%)
May-06 19:39:24.269 - [11200/50000] loss: 1.3113 (1.2119), acc: 45.333% (50.733%)
May-06 19:39:44.372 - [11300/50000] loss: 1.0597 (1.2134), acc: 58.667% (50.849%)
May-06 19:40:05.357 - [11400/50000] loss: 1.3526 (1.2086), acc: 48.000% (51.067%)
May-06 19:40:24.852 - [11500/50000] loss: 1.1549 (1.2127), acc: 52.000% (50.715%)
May-06 19:40:45.932 - [11600/50000] loss: 1.2444 (1.2164), acc: 52.000% (50.598%)
May-06 19:41:05.673 - [11700/50000] loss: 1.3087 (1.2163), acc: 42.667% (50.539%)
May-06 19:41:25.739 - [11800/50000] loss: 1.0988 (1.2157), acc: 54.667% (50.568%)
May-06 19:41:46.286 - [11900/50000] loss: 1.0898 (1.2160), acc: 57.333% (50.627%)
May-06 19:42:06.506 - [12000/50000] loss: 1.3132 (1.2144), acc: 41.333% (50.737%)
May-06 19:42:43.594 - [12000] Eval (100 episode) - loss: 1.1423 +- 0.1659, acc: 53.360 +- 8.950%
May-06 19:43:02.527 - [12100/50000] loss: 1.2085 (1.1759), acc: 54.667% (53.013%)
May-06 19:43:22.056 - [12200/50000] loss: 1.1965 (1.1727), acc: 50.667% (52.987%)
May-06 19:43:42.232 - [12300/50000] loss: 1.2136 (1.1908), acc: 46.667% (52.071%)
May-06 19:44:01.139 - [12400/50000] loss: 0.9691 (1.1940), acc: 65.333% (51.960%)
May-06 19:44:21.816 - [12500/50000] loss: 1.1130 (1.1962), acc: 57.333% (51.885%)
May-06 19:44:40.986 - [12600/50000] loss: 1.4731 (1.1951), acc: 40.000% (51.898%)
May-06 19:45:00.815 - [12700/50000] loss: 1.3167 (1.1958), acc: 40.000% (51.703%)
May-06 19:45:20.705 - [12800/50000] loss: 0.9926 (1.1954), acc: 61.333% (51.662%)
May-06 19:45:40.473 - [12900/50000] loss: 1.1956 (1.1980), acc: 52.000% (51.581%)
May-06 19:46:00.710 - [13000/50000] loss: 1.0673 (1.1959), acc: 57.333% (51.657%)
May-06 19:46:36.667 - [13000] Eval (100 episode) - loss: 1.1348 +- 0.1725, acc: 54.000 +- 8.985%
May-06 19:46:55.902 - [13100/50000] loss: 0.7561 (1.1879), acc: 74.667% (51.960%)
May-06 19:47:15.649 - [13200/50000] loss: 1.2829 (1.1902), acc: 49.333% (51.533%)
May-06 19:47:35.909 - [13300/50000] loss: 1.1454 (1.1932), acc: 53.333% (51.293%)
May-06 19:47:56.402 - [13400/50000] loss: 0.9961 (1.1904), acc: 60.000% (51.413%)
May-06 19:48:17.571 - [13500/50000] loss: 1.1135 (1.1916), acc: 60.000% (51.464%)
May-06 19:48:38.301 - [13600/50000] loss: 1.3255 (1.1919), acc: 40.000% (51.509%)
May-06 19:48:58.222 - [13700/50000] loss: 1.3072 (1.1902), acc: 41.333% (51.554%)
May-06 19:49:18.087 - [13800/50000] loss: 1.1021 (1.1848), acc: 58.667% (51.860%)
May-06 19:49:37.912 - [13900/50000] loss: 1.1534 (1.1854), acc: 54.667% (51.864%)
May-06 19:49:58.528 - [14000/50000] loss: 1.5286 (1.1880), acc: 38.667% (51.813%)
May-06 19:50:34.832 - [14000] Eval (100 episode) - loss: 1.1191 +- 0.1632, acc: 54.507 +- 8.807%
May-06 19:50:34.835 - * Best accuracy so far *

May-06 19:50:54.262 - [14100/50000] loss: 0.9876 (1.1749), acc: 60.000% (52.800%)
May-06 19:51:14.082 - [14200/50000] loss: 1.1476 (1.1829), acc: 56.000% (52.347%)
May-06 19:51:33.514 - [14300/50000] loss: 0.9244 (1.1936), acc: 68.000% (51.809%)
May-06 19:51:53.011 - [14400/50000] loss: 1.2278 (1.1913), acc: 53.333% (51.907%)
May-06 19:52:12.843 - [14500/50000] loss: 1.1141 (1.1889), acc: 64.000% (52.024%)
May-06 19:52:32.539 - [14600/50000] loss: 0.9575 (1.1860), acc: 64.000% (52.216%)
May-06 19:52:52.604 - [14700/50000] loss: 0.9795 (1.1881), acc: 61.333% (52.042%)
May-06 19:53:12.280 - [14800/50000] loss: 1.2531 (1.1907), acc: 45.333% (51.955%)
May-06 19:53:31.799 - [14900/50000] loss: 1.3665 (1.1900), acc: 41.333% (51.990%)
May-06 19:53:51.558 - [15000/50000] loss: 1.2904 (1.1881), acc: 49.333% (52.060%)
May-06 19:54:27.593 - [15000] Eval (100 episode) - loss: 1.1496 +- 0.2006, acc: 53.667 +- 11.021%
May-06 19:54:45.940 - [15100/50000] loss: 1.0630 (1.1723), acc: 65.333% (52.827%)
May-06 19:55:04.500 - [15200/50000] loss: 1.0810 (1.1844), acc: 60.000% (52.233%)
May-06 19:55:25.872 - [15300/50000] loss: 0.9187 (1.1824), acc: 72.000% (52.449%)
May-06 19:55:44.538 - [15400/50000] loss: 1.0480 (1.1863), acc: 58.667% (51.960%)
May-06 19:56:04.169 - [15500/50000] loss: 1.0569 (1.1814), acc: 54.667% (52.144%)
May-06 19:56:23.647 - [15600/50000] loss: 1.0816 (1.1788), acc: 58.667% (52.320%)
May-06 19:56:43.474 - [15700/50000] loss: 1.0988 (1.1805), acc: 52.000% (52.139%)
May-06 19:57:02.931 - [15800/50000] loss: 1.1856 (1.1801), acc: 56.000% (52.250%)
May-06 19:57:22.145 - [15900/50000] loss: 1.1768 (1.1765), acc: 54.667% (52.446%)
May-06 19:57:41.413 - [16000/50000] loss: 1.2387 (1.1750), acc: 48.000% (52.467%)
May-06 19:58:16.828 - [16000] Eval (100 episode) - loss: 1.1232 +- 0.1619, acc: 54.587 +- 8.649%
May-06 19:58:16.832 - * Best accuracy so far *

May-06 19:58:36.297 - [16100/50000] loss: 0.9495 (1.1745), acc: 62.667% (52.373%)
May-06 19:58:55.475 - [16200/50000] loss: 1.1556 (1.1813), acc: 53.333% (52.187%)
May-06 19:59:15.276 - [16300/50000] loss: 1.1976 (1.1864), acc: 56.000% (51.756%)
May-06 19:59:34.436 - [16400/50000] loss: 0.7866 (1.1744), acc: 73.333% (52.437%)
May-06 19:59:54.643 - [16500/50000] loss: 1.2352 (1.1721), acc: 50.667% (52.635%)
May-06 20:00:13.881 - [16600/50000] loss: 1.3254 (1.1734), acc: 44.000% (52.467%)
May-06 20:00:34.844 - [16700/50000] loss: 1.2600 (1.1728), acc: 52.000% (52.535%)
May-06 20:00:55.563 - [16800/50000] loss: 1.3485 (1.1718), acc: 38.667% (52.573%)
May-06 20:01:16.664 - [16900/50000] loss: 1.0422 (1.1715), acc: 57.333% (52.572%)
May-06 20:01:36.137 - [17000/50000] loss: 1.2949 (1.1711), acc: 45.333% (52.625%)
May-06 20:02:15.317 - [17000] Eval (100 episode) - loss: 1.0960 +- 0.1794, acc: 56.000 +- 10.335%
May-06 20:02:15.321 - * Best accuracy so far *

May-06 20:02:33.745 - [17100/50000] loss: 1.0913 (1.1807), acc: 56.000% (53.013%)
May-06 20:02:53.732 - [17200/50000] loss: 1.6594 (1.1884), acc: 32.000% (52.287%)
May-06 20:03:13.840 - [17300/50000] loss: 1.1463 (1.1856), acc: 52.000% (52.320%)
May-06 20:03:33.785 - [17400/50000] loss: 1.1082 (1.1864), acc: 62.667% (52.060%)
May-06 20:03:54.560 - [17500/50000] loss: 0.9895 (1.1874), acc: 54.667% (51.963%)
May-06 20:04:16.108 - [17600/50000] loss: 1.5428 (1.1816), acc: 42.667% (52.287%)
May-06 20:04:36.245 - [17700/50000] loss: 0.8860 (1.1760), acc: 62.667% (52.539%)
May-06 20:04:56.560 - [17800/50000] loss: 1.1605 (1.1744), acc: 57.333% (52.660%)
May-06 20:05:17.454 - [17900/50000] loss: 1.3738 (1.1786), acc: 44.000% (52.471%)
May-06 20:05:38.421 - [18000/50000] loss: 1.1810 (1.1734), acc: 53.333% (52.721%)
May-06 20:06:14.148 - [18000] Eval (100 episode) - loss: 1.1080 +- 0.1867, acc: 55.453 +- 9.472%
May-06 20:06:33.272 - [18100/50000] loss: 1.0927 (1.1763), acc: 58.667% (52.760%)
May-06 20:06:54.168 - [18200/50000] loss: 1.3407 (1.1636), acc: 40.000% (52.987%)
May-06 20:07:13.454 - [18300/50000] loss: 1.0165 (1.1608), acc: 60.000% (52.956%)
May-06 20:07:33.235 - [18400/50000] loss: 1.2172 (1.1586), acc: 49.333% (53.103%)
May-06 20:07:52.678 - [18500/50000] loss: 1.4496 (1.1574), acc: 34.667% (53.253%)
May-06 20:08:14.297 - [18600/50000] loss: 1.0838 (1.1606), acc: 50.667% (53.140%)
May-06 20:08:34.654 - [18700/50000] loss: 1.1029 (1.1651), acc: 53.333% (52.935%)
May-06 20:08:54.251 - [18800/50000] loss: 1.3787 (1.1599), acc: 41.333% (53.277%)
May-06 20:09:14.876 - [18900/50000] loss: 1.5403 (1.1582), acc: 38.667% (53.378%)
May-06 20:09:34.440 - [19000/50000] loss: 1.3856 (1.1594), acc: 46.667% (53.293%)
May-06 20:10:11.436 - [19000] Eval (100 episode) - loss: 1.1391 +- 0.1677, acc: 53.760 +- 8.678%
May-06 20:10:31.000 - [19100/50000] loss: 1.0635 (1.1722), acc: 58.667% (52.507%)
May-06 20:10:49.566 - [19200/50000] loss: 1.3764 (1.1769), acc: 44.000% (52.247%)
May-06 20:11:09.584 - [19300/50000] loss: 1.4209 (1.1774), acc: 34.667% (52.196%)
May-06 20:11:29.821 - [19400/50000] loss: 1.1355 (1.1699), acc: 50.667% (52.790%)
May-06 20:11:49.119 - [19500/50000] loss: 1.1057 (1.1663), acc: 52.000% (52.917%)
May-06 20:12:10.554 - [19600/50000] loss: 0.9857 (1.1649), acc: 60.000% (52.971%)
May-06 20:12:29.267 - [19700/50000] loss: 1.2892 (1.1660), acc: 46.667% (52.958%)
May-06 20:12:49.053 - [19800/50000] loss: 1.0475 (1.1651), acc: 61.333% (52.907%)
May-06 20:13:08.521 - [19900/50000] loss: 1.0321 (1.1617), acc: 61.333% (53.073%)
May-06 20:13:28.062 - [20000/50000] loss: 1.3067 (1.1613), acc: 52.000% (53.132%)
May-06 20:14:05.543 - [20000] Eval (100 episode) - loss: 1.0781 +- 0.1800, acc: 56.667 +- 9.414%
May-06 20:14:05.545 - * Best accuracy so far *

May-06 20:14:24.407 - [20100/50000] loss: 1.0284 (1.1812), acc: 61.333% (51.947%)
May-06 20:14:44.452 - [20200/50000] loss: 1.1468 (1.1594), acc: 46.667% (53.173%)
May-06 20:15:04.614 - [20300/50000] loss: 1.2637 (1.1601), acc: 49.333% (53.084%)
May-06 20:15:22.921 - [20400/50000] loss: 1.0672 (1.1592), acc: 53.333% (53.187%)
May-06 20:15:41.632 - [20500/50000] loss: 1.0922 (1.1576), acc: 60.000% (53.405%)
May-06 20:16:01.014 - [20600/50000] loss: 1.2693 (1.1574), acc: 41.333% (53.404%)
May-06 20:16:22.427 - [20700/50000] loss: 1.4902 (1.1542), acc: 37.333% (53.512%)
May-06 20:16:46.287 - [20800/50000] loss: 1.1559 (1.1542), acc: 58.667% (53.553%)
May-06 20:17:07.906 - [20900/50000] loss: 1.4038 (1.1540), acc: 37.333% (53.508%)
May-06 20:17:30.494 - [21000/50000] loss: 1.2572 (1.1543), acc: 49.333% (53.477%)
May-06 20:18:10.455 - [21000] Eval (100 episode) - loss: 1.1032 +- 0.1797, acc: 55.840 +- 9.116%
May-06 20:18:30.252 - [21100/50000] loss: 1.4576 (1.1640), acc: 41.333% (52.547%)
May-06 20:18:50.659 - [21200/50000] loss: 0.9411 (1.1561), acc: 68.000% (52.720%)
May-06 20:19:10.927 - [21300/50000] loss: 1.3279 (1.1564), acc: 46.667% (53.124%)
May-06 20:19:31.232 - [21400/50000] loss: 1.1438 (1.1594), acc: 60.000% (52.847%)
May-06 20:19:51.380 - [21500/50000] loss: 1.1272 (1.1574), acc: 48.000% (52.949%)
May-06 20:20:11.688 - [21600/50000] loss: 1.4425 (1.1553), acc: 38.667% (53.164%)
May-06 20:20:34.276 - [21700/50000] loss: 0.9284 (1.1538), acc: 62.667% (53.331%)
May-06 20:20:59.424 - [21800/50000] loss: 1.2050 (1.1531), acc: 48.000% (53.333%)
May-06 20:21:23.813 - [21900/50000] loss: 0.8180 (1.1503), acc: 69.333% (53.510%)
May-06 20:21:45.337 - [22000/50000] loss: 1.1841 (1.1504), acc: 58.667% (53.479%)
May-06 20:22:25.057 - [22000] Eval (100 episode) - loss: 1.0832 +- 0.1832, acc: 56.613 +- 9.231%
May-06 20:22:45.462 - [22100/50000] loss: 0.8904 (1.1262), acc: 56.000% (54.333%)
May-06 20:23:08.127 - [22200/50000] loss: 1.0807 (1.1635), acc: 52.000% (52.900%)
May-06 20:23:35.978 - [22300/50000] loss: 1.0907 (1.1640), acc: 53.333% (52.787%)
May-06 20:24:02.273 - [22400/50000] loss: 1.1350 (1.1594), acc: 48.000% (53.043%)
May-06 20:24:26.367 - [22500/50000] loss: 0.9989 (1.1525), acc: 64.000% (53.480%)
May-06 20:24:48.056 - [22600/50000] loss: 0.9820 (1.1522), acc: 61.333% (53.584%)
May-06 20:25:07.943 - [22700/50000] loss: 1.1661 (1.1503), acc: 54.667% (53.571%)
May-06 20:25:28.443 - [22800/50000] loss: 1.2755 (1.1509), acc: 45.333% (53.467%)
May-06 20:25:48.852 - [22900/50000] loss: 0.9781 (1.1450), acc: 68.000% (53.764%)
May-06 20:26:08.732 - [23000/50000] loss: 1.1576 (1.1442), acc: 46.667% (53.820%)
May-06 20:26:44.441 - [23000] Eval (100 episode) - loss: 1.0861 +- 0.1723, acc: 56.120 +- 8.556%
May-06 20:27:03.458 - [23100/50000] loss: 1.4190 (1.1674), acc: 46.667% (53.307%)
May-06 20:27:23.270 - [23200/50000] loss: 1.2669 (1.1418), acc: 56.000% (54.293%)
May-06 20:27:43.998 - [23300/50000] loss: 1.0132 (1.1445), acc: 61.333% (54.129%)
May-06 20:28:07.546 - [23400/50000] loss: 0.9451 (1.1483), acc: 66.667% (53.997%)
May-06 20:28:34.782 - [23500/50000] loss: 1.4113 (1.1470), acc: 45.333% (54.051%)
May-06 20:29:00.832 - [23600/50000] loss: 1.1151 (1.1482), acc: 50.667% (53.947%)
May-06 20:29:21.841 - [23700/50000] loss: 1.0094 (1.1522), acc: 61.333% (53.710%)
May-06 20:29:43.408 - [23800/50000] loss: 1.2422 (1.1504), acc: 50.667% (53.775%)
May-06 20:30:04.321 - [23900/50000] loss: 1.1465 (1.1499), acc: 50.667% (53.856%)
May-06 20:30:24.953 - [24000/50000] loss: 1.1619 (1.1494), acc: 56.000% (53.868%)
May-06 20:31:05.449 - [24000] Eval (100 episode) - loss: 1.0920 +- 0.1824, acc: 56.160 +- 9.560%
May-06 20:31:24.624 - [24100/50000] loss: 1.3588 (1.1660), acc: 41.333% (52.880%)
May-06 20:31:45.702 - [24200/50000] loss: 1.0082 (1.1537), acc: 57.333% (53.893%)
May-06 20:32:06.757 - [24300/50000] loss: 1.1257 (1.1380), acc: 50.667% (54.471%)
May-06 20:32:27.583 - [24400/50000] loss: 0.9591 (1.1378), acc: 62.667% (54.390%)
May-06 20:32:48.568 - [24500/50000] loss: 1.0764 (1.1448), acc: 53.333% (54.131%)
May-06 20:33:06.822 - [24600/50000] loss: 1.2768 (1.1480), acc: 46.667% (53.938%)
May-06 20:33:28.166 - [24700/50000] loss: 1.2810 (1.1466), acc: 49.333% (54.015%)
May-06 20:33:49.155 - [24800/50000] loss: 1.0938 (1.1481), acc: 53.333% (53.945%)
May-06 20:34:09.788 - [24900/50000] loss: 1.1848 (1.1465), acc: 53.333% (54.004%)
May-06 20:34:31.100 - [25000/50000] loss: 1.2758 (1.1483), acc: 45.333% (53.903%)
May-06 20:35:09.651 - [25000] Eval (100 episode) - loss: 1.1103 +- 0.1677, acc: 54.413 +- 8.862%
May-06 20:35:28.958 - [25100/50000] loss: 1.7743 (1.1286), acc: 28.000% (54.040%)
May-06 20:35:48.636 - [25200/50000] loss: 1.0788 (1.1428), acc: 58.667% (53.880%)
May-06 20:36:09.794 - [25300/50000] loss: 1.2660 (1.1536), acc: 49.333% (53.360%)
May-06 20:36:31.352 - [25400/50000] loss: 1.0504 (1.1477), acc: 56.000% (53.673%)
May-06 20:36:51.632 - [25500/50000] loss: 1.0542 (1.1501), acc: 60.000% (53.645%)
May-06 20:37:12.764 - [25600/50000] loss: 1.1197 (1.1502), acc: 52.000% (53.684%)
May-06 20:37:32.620 - [25700/50000] loss: 1.1606 (1.1477), acc: 58.667% (53.739%)
May-06 20:37:52.206 - [25800/50000] loss: 1.1202 (1.1465), acc: 61.333% (53.865%)
May-06 20:38:12.601 - [25900/50000] loss: 1.2517 (1.1459), acc: 48.000% (53.861%)
May-06 20:38:34.803 - [26000/50000] loss: 1.2384 (1.1446), acc: 54.667% (53.993%)
May-06 20:39:17.063 - [26000] Eval (100 episode) - loss: 1.0855 +- 0.1856, acc: 57.133 +- 9.374%
May-06 20:39:17.066 - * Best accuracy so far *

May-06 20:39:39.296 - [26100/50000] loss: 1.2265 (1.1481), acc: 45.333% (54.240%)
May-06 20:40:00.345 - [26200/50000] loss: 1.0008 (1.1441), acc: 54.667% (53.987%)
May-06 20:40:21.763 - [26300/50000] loss: 0.7406 (1.1396), acc: 77.333% (54.244%)
May-06 20:40:43.972 - [26400/50000] loss: 0.7990 (1.1431), acc: 65.333% (54.007%)
May-06 20:41:06.931 - [26500/50000] loss: 1.0252 (1.1409), acc: 57.333% (54.133%)
May-06 20:41:27.897 - [26600/50000] loss: 1.1374 (1.1402), acc: 54.667% (54.144%)
May-06 20:41:47.722 - [26700/50000] loss: 0.9185 (1.1374), acc: 62.667% (54.309%)
May-06 20:42:08.187 - [26800/50000] loss: 1.1203 (1.1383), acc: 60.000% (54.202%)
May-06 20:42:28.881 - [26900/50000] loss: 0.7155 (1.1385), acc: 73.333% (54.246%)
May-06 20:42:47.930 - [27000/50000] loss: 1.0312 (1.1386), acc: 58.667% (54.256%)
May-06 20:43:28.066 - [27000] Eval (100 episode) - loss: 1.0447 +- 0.1660, acc: 58.160 +- 8.880%
May-06 20:43:28.068 - * Best accuracy so far *

May-06 20:43:47.763 - [27100/50000] loss: 1.1818 (1.1336), acc: 52.000% (54.507%)
May-06 20:44:08.880 - [27200/50000] loss: 1.2978 (1.1198), acc: 48.000% (54.913%)
May-06 20:44:30.409 - [27300/50000] loss: 1.3495 (1.1399), acc: 42.667% (53.947%)
May-06 20:44:52.589 - [27400/50000] loss: 1.0856 (1.1328), acc: 53.333% (54.330%)
May-06 20:45:13.253 - [27500/50000] loss: 1.0991 (1.1392), acc: 54.667% (54.005%)
May-06 20:45:35.086 - [27600/50000] loss: 1.2970 (1.1354), acc: 46.667% (54.202%)
May-06 20:45:56.593 - [27700/50000] loss: 1.2020 (1.1299), acc: 49.333% (54.413%)
May-06 20:46:18.767 - [27800/50000] loss: 1.2924 (1.1323), acc: 46.667% (54.282%)
May-06 20:46:39.864 - [27900/50000] loss: 0.9692 (1.1326), acc: 64.000% (54.373%)
May-06 20:46:59.901 - [28000/50000] loss: 1.1563 (1.1321), acc: 58.667% (54.379%)
May-06 20:47:37.809 - [28000] Eval (100 episode) - loss: 1.0669 +- 0.1419, acc: 57.013 +- 7.328%
May-06 20:47:58.116 - [28100/50000] loss: 1.2804 (1.1606), acc: 46.667% (52.400%)
May-06 20:48:18.453 - [28200/50000] loss: 1.1580 (1.1480), acc: 52.000% (53.273%)
May-06 20:48:38.962 - [28300/50000] loss: 1.0939 (1.1504), acc: 56.000% (53.609%)
May-06 20:48:59.315 - [28400/50000] loss: 1.4354 (1.1503), acc: 45.333% (53.663%)
May-06 20:49:20.292 - [28500/50000] loss: 1.1309 (1.1475), acc: 58.667% (53.925%)
May-06 20:49:42.696 - [28600/50000] loss: 0.7020 (1.1466), acc: 74.667% (53.947%)
May-06 20:50:04.494 - [28700/50000] loss: 1.1058 (1.1432), acc: 58.667% (54.072%)
May-06 20:50:27.367 - [28800/50000] loss: 0.7907 (1.1451), acc: 72.000% (53.942%)
May-06 20:50:51.475 - [28900/50000] loss: 1.0045 (1.1458), acc: 57.333% (53.916%)
May-06 20:51:14.440 - [29000/50000] loss: 0.9926 (1.1443), acc: 64.000% (54.001%)
May-06 20:52:02.350 - [29000] Eval (100 episode) - loss: 1.0680 +- 0.1939, acc: 57.453 +- 9.665%
May-06 20:52:28.074 - [29100/50000] loss: 1.3496 (1.1398), acc: 40.000% (54.240%)
May-06 20:52:49.755 - [29200/50000] loss: 1.0740 (1.1303), acc: 58.667% (54.593%)
May-06 20:53:09.862 - [29300/50000] loss: 1.1377 (1.1312), acc: 53.333% (54.498%)
May-06 20:53:31.233 - [29400/50000] loss: 0.9183 (1.1316), acc: 62.667% (54.390%)
May-06 20:53:51.922 - [29500/50000] loss: 1.0639 (1.1312), acc: 56.000% (54.523%)
May-06 20:54:11.300 - [29600/50000] loss: 0.8440 (1.1316), acc: 72.000% (54.509%)
May-06 20:54:32.629 - [29700/50000] loss: 1.2793 (1.1334), acc: 42.667% (54.451%)
May-06 20:54:55.346 - [29800/50000] loss: 1.0492 (1.1344), acc: 57.333% (54.430%)
May-06 20:55:18.994 - [29900/50000] loss: 1.3044 (1.1347), acc: 40.000% (54.409%)
May-06 20:55:41.854 - [30000/50000] loss: 1.2119 (1.1340), acc: 53.333% (54.431%)
May-06 20:56:21.678 - [30000] Eval (100 episode) - loss: 1.0614 +- 0.1805, acc: 57.280 +- 9.156%
May-06 20:56:42.302 - [30100/50000] loss: 1.1595 (1.1088), acc: 45.333% (55.773%)
May-06 20:57:04.162 - [30200/50000] loss: 1.4433 (1.1294), acc: 38.667% (54.747%)
May-06 20:57:23.602 - [30300/50000] loss: 1.2913 (1.1338), acc: 49.333% (54.520%)
May-06 20:57:44.402 - [30400/50000] loss: 0.9328 (1.1291), acc: 68.000% (54.807%)
May-06 20:58:05.894 - [30500/50000] loss: 1.0237 (1.1259), acc: 57.333% (54.851%)
May-06 20:58:26.911 - [30600/50000] loss: 1.3541 (1.1290), acc: 46.667% (54.727%)
May-06 20:58:46.737 - [30700/50000] loss: 0.8532 (1.1320), acc: 69.333% (54.570%)
May-06 20:59:07.292 - [30800/50000] loss: 1.0248 (1.1292), acc: 62.667% (54.708%)
May-06 20:59:32.608 - [30900/50000] loss: 1.1157 (1.1291), acc: 54.667% (54.717%)
May-06 20:59:53.159 - [31000/50000] loss: 1.3754 (1.1271), acc: 45.333% (54.796%)
May-06 21:00:32.867 - [31000] Eval (100 episode) - loss: 1.0650 +- 0.1846, acc: 57.453 +- 9.114%
May-06 21:00:52.230 - [31100/50000] loss: 1.0368 (1.1351), acc: 60.000% (54.053%)
May-06 21:01:12.558 - [31200/50000] loss: 0.9167 (1.1372), acc: 66.667% (53.853%)
May-06 21:01:32.434 - [31300/50000] loss: 0.9716 (1.1236), acc: 64.000% (54.987%)
May-06 21:01:53.516 - [31400/50000] loss: 1.0859 (1.1172), acc: 62.667% (55.203%)
May-06 21:02:13.141 - [31500/50000] loss: 1.0785 (1.1180), acc: 57.333% (55.269%)
May-06 21:02:32.948 - [31600/50000] loss: 1.0548 (1.1146), acc: 58.667% (55.384%)
May-06 21:02:55.058 - [31700/50000] loss: 1.2667 (1.1101), acc: 44.000% (55.541%)
May-06 21:03:15.269 - [31800/50000] loss: 1.0343 (1.1151), acc: 57.333% (55.273%)
May-06 21:03:37.445 - [31900/50000] loss: 0.7655 (1.1126), acc: 70.667% (55.382%)
May-06 21:03:58.532 - [32000/50000] loss: 1.3821 (1.1114), acc: 36.000% (55.425%)
May-06 21:04:38.524 - [32000] Eval (100 episode) - loss: 1.0530 +- 0.1867, acc: 58.293 +- 9.661%
May-06 21:04:38.528 - * Best accuracy so far *

May-06 21:04:59.546 - [32100/50000] loss: 1.2011 (1.1411), acc: 52.000% (53.973%)
May-06 21:05:20.895 - [32200/50000] loss: 1.3201 (1.1319), acc: 44.000% (54.553%)
May-06 21:05:42.245 - [32300/50000] loss: 1.3636 (1.1263), acc: 50.667% (54.982%)
May-06 21:06:05.207 - [32400/50000] loss: 1.3673 (1.1289), acc: 41.333% (54.847%)
May-06 21:06:25.853 - [32500/50000] loss: 1.2141 (1.1290), acc: 54.667% (54.669%)
May-06 21:06:46.607 - [32600/50000] loss: 1.1759 (1.1261), acc: 48.000% (54.733%)
May-06 21:07:08.547 - [32700/50000] loss: 0.7197 (1.1211), acc: 78.667% (54.933%)
May-06 21:07:31.311 - [32800/50000] loss: 0.9013 (1.1218), acc: 61.333% (54.818%)
May-06 21:07:51.819 - [32900/50000] loss: 1.3042 (1.1245), acc: 42.667% (54.681%)
May-06 21:08:12.943 - [33000/50000] loss: 1.1362 (1.1221), acc: 52.000% (54.884%)
May-06 21:08:52.623 - [33000] Eval (100 episode) - loss: 1.1131 +- 0.1985, acc: 54.933 +- 9.903%
May-06 21:09:11.698 - [33100/50000] loss: 1.3151 (1.1212), acc: 49.333% (55.133%)
May-06 21:09:31.901 - [33200/50000] loss: 1.1193 (1.1290), acc: 60.000% (54.607%)
May-06 21:09:51.640 - [33300/50000] loss: 0.9037 (1.1161), acc: 68.000% (55.107%)
May-06 21:10:13.410 - [33400/50000] loss: 1.1594 (1.1109), acc: 54.667% (55.370%)
May-06 21:10:35.881 - [33500/50000] loss: 1.0420 (1.1140), acc: 54.667% (55.117%)
May-06 21:10:56.916 - [33600/50000] loss: 1.1312 (1.1180), acc: 54.667% (54.969%)
May-06 21:11:17.694 - [33700/50000] loss: 0.9829 (1.1163), acc: 56.000% (55.133%)
May-06 21:11:38.410 - [33800/50000] loss: 1.0582 (1.1169), acc: 62.667% (55.178%)
May-06 21:11:58.356 - [33900/50000] loss: 1.1975 (1.1148), acc: 46.667% (55.333%)
May-06 21:12:19.067 - [34000/50000] loss: 0.8589 (1.1119), acc: 66.667% (55.399%)
May-06 21:12:57.304 - [34000] Eval (100 episode) - loss: 1.0553 +- 0.1703, acc: 58.013 +- 8.869%
May-06 21:13:17.098 - [34100/50000] loss: 0.9974 (1.0967), acc: 58.667% (55.813%)
May-06 21:13:37.747 - [34200/50000] loss: 0.9229 (1.1048), acc: 57.333% (55.733%)
May-06 21:13:58.196 - [34300/50000] loss: 1.4252 (1.1075), acc: 48.000% (55.818%)
May-06 21:14:18.395 - [34400/50000] loss: 1.3806 (1.1185), acc: 45.333% (55.253%)
May-06 21:14:38.592 - [34500/50000] loss: 1.2296 (1.1193), acc: 49.333% (55.096%)
May-06 21:14:59.188 - [34600/50000] loss: 1.2030 (1.1230), acc: 52.000% (54.873%)
May-06 21:15:21.369 - [34700/50000] loss: 1.0817 (1.1210), acc: 53.333% (54.945%)
May-06 21:15:41.831 - [34800/50000] loss: 1.1430 (1.1194), acc: 57.333% (55.020%)
May-06 21:16:03.441 - [34900/50000] loss: 1.0571 (1.1207), acc: 60.000% (55.043%)
May-06 21:16:26.554 - [35000/50000] loss: 1.2533 (1.1211), acc: 54.667% (54.991%)
May-06 21:17:08.093 - [35000] Eval (100 episode) - loss: 1.0693 +- 0.1477, acc: 56.760 +- 8.256%
May-06 21:17:32.390 - [35100/50000] loss: 1.0710 (1.0844), acc: 56.000% (56.720%)
May-06 21:17:58.794 - [35200/50000] loss: 1.1226 (1.0954), acc: 52.000% (56.613%)
May-06 21:18:21.333 - [35300/50000] loss: 0.8530 (1.1002), acc: 65.333% (56.311%)
May-06 21:18:45.103 - [35400/50000] loss: 1.1270 (1.0993), acc: 61.333% (56.087%)
May-06 21:19:06.055 - [35500/50000] loss: 1.3628 (1.1025), acc: 37.333% (55.931%)
May-06 21:19:27.762 - [35600/50000] loss: 0.9940 (1.1048), acc: 60.000% (55.816%)
May-06 21:19:48.753 - [35700/50000] loss: 1.1876 (1.1081), acc: 48.000% (55.733%)
May-06 21:20:09.931 - [35800/50000] loss: 1.2169 (1.1086), acc: 48.000% (55.680%)
May-06 21:20:31.577 - [35900/50000] loss: 1.2566 (1.1104), acc: 48.000% (55.553%)
May-06 21:20:52.857 - [36000/50000] loss: 1.3176 (1.1113), acc: 41.333% (55.445%)
May-06 21:21:33.897 - [36000] Eval (100 episode) - loss: 1.0873 +- 0.1931, acc: 54.893 +- 9.751%
May-06 21:21:52.978 - [36100/50000] loss: 1.0778 (1.1256), acc: 52.000% (55.227%)
May-06 21:22:14.107 - [36200/50000] loss: 0.6831 (1.1242), acc: 76.000% (54.680%)
May-06 21:22:33.760 - [36300/50000] loss: 1.1877 (1.1159), acc: 44.000% (55.098%)
May-06 21:22:54.404 - [36400/50000] loss: 0.7092 (1.1173), acc: 77.333% (55.180%)
May-06 21:23:16.599 - [36500/50000] loss: 1.3801 (1.1184), acc: 46.667% (55.173%)
May-06 21:23:37.238 - [36600/50000] loss: 0.7892 (1.1157), acc: 72.000% (55.327%)
May-06 21:23:59.498 - [36700/50000] loss: 1.2494 (1.1181), acc: 48.000% (55.126%)
May-06 21:24:23.418 - [36800/50000] loss: 0.9513 (1.1143), acc: 58.667% (55.287%)
May-06 21:24:46.419 - [36900/50000] loss: 0.7613 (1.1137), acc: 72.000% (55.316%)
May-06 21:25:11.021 - [37000/50000] loss: 0.9324 (1.1087), acc: 66.667% (55.527%)
May-06 21:25:51.591 - [37000] Eval (100 episode) - loss: 1.0676 +- 0.1950, acc: 56.653 +- 10.053%
May-06 21:26:11.704 - [37100/50000] loss: 0.9139 (1.1562), acc: 65.333% (53.613%)
May-06 21:26:32.781 - [37200/50000] loss: 0.9013 (1.1374), acc: 66.667% (54.420%)
May-06 21:26:55.454 - [37300/50000] loss: 0.8928 (1.1305), acc: 69.333% (54.836%)
May-06 21:27:18.981 - [37400/50000] loss: 0.8532 (1.1193), acc: 70.667% (55.177%)
May-06 21:27:41.839 - [37500/50000] loss: 0.9509 (1.1241), acc: 65.333% (54.883%)
May-06 21:28:03.465 - [37600/50000] loss: 0.8882 (1.1223), acc: 70.667% (55.156%)
